<?xml version="1.0" encoding="UTF-8" ?>
<testsuite tests="1" failures="1" name="TestSuite" time="14.206" errors="0" skipped="0">
  <properties>
[...]
</properties>
  <testcase classname="automationFramework.TestCases.CmcTest" name="createCustomerFundingInvalidCC" time="14.206">
    <failure message="Cannot locate option with index: 4
For documentation on this error, please visit: http://seleniumhq.org/exceptions/no_such_element.html
Build info: version: &apos;2.45.0&apos;, revision: &apos;5017cb8e7ca8e37638dc3091b2440b90a1d8686f&apos;, time: &apos;2015-02-27 09:10:26&apos;
System info: host: &apos;NACTS-081729&apos;, ip: &apos;149.63.89.132&apos;, os.name: &apos;Windows 7&apos;, os.arch: &apos;amd64&apos;, os.version: &apos;6.1&apos;, java.version: &apos;1.8.0_77&apos;
Driver info: driver.version: unknown" type="org.openqa.selenium.NoSuchElementException">org.openqa.selenium.NoSuchElementException: Cannot locate option with index: 4
For documentation on this error, please visit: http://seleniumhq.org/exceptions/no_such_element.html
Build info: version: &apos;2.45.0&apos;, revision: &apos;5017cb8e7ca8e37638dc3091b2440b90a1d8686f&apos;, time: &apos;2015-02-27 09:10:26&apos;
System info: host: &apos;NACTS-081729&apos;, ip: &apos;149.63.89.132&apos;, os.name: &apos;Windows 7&apos;, os.arch: &apos;amd64&apos;, os.version: &apos;6.1&apos;, java.version: &apos;1.8.0_77&apos;
Driver info: driver.version: unknown
	at org.openqa.selenium.support.ui.Select.selectByIndex(Select.java:186)
	at automationFramework.PageObjects.CreateFundingPage.selectYear(CreateFundingPage.java:94)
	at automationFramework.TestCases.CmcTest.createCustomerFundingInvalidCC(CmcTest.java:430)
</failure>
    <system-out>Time in Milliseconds: 0 
Test Case: automationFramework.TestCases.CmcTest 
Time Stamp: 2016-06-06 14:18:47,589 
Code Location: automationFramework.TestCases.CmcTest.setUp(CmcTest.java:40) 
Log Message: Setup Started 
 
2016-06-06 14:18:47,589 INFO  [Logger] Setup Started 
Time in Milliseconds: 135 
Test Case: automationFramework.TestCases.CmcTest 
Time Stamp: 2016-06-06 14:18:47,724 
Code Location: automationFramework.TestCases.CmcTest.setUp(CmcTest.java:41) 
Log Message: Current OS: Windows 7 Enterprise 
 
2016-06-06 14:18:47,724 INFO  [Logger] Current OS: Windows 7 Enterprise 
Time in Milliseconds: 136 
Test Case: automationFramework.TestCases.CmcTest 
Time Stamp: 2016-06-06 14:18:47,725 
Code Location: automationFramework.TestCases.CmcTest.setUp(CmcTest.java:42) 
Log Message: Current Browser: firefox.exe 
 
2016-06-06 14:18:47,725 INFO  [Logger] Current Browser: firefox.exe 
Time in Milliseconds: 4780 
Test Case: automationFramework.TestCases.CmcTest 
Time Stamp: 2016-06-06 14:18:52,369 
Code Location: automationFramework.TestCases.CmcTest.setUp(CmcTest.java:45) 
Log Message: Setup Completed 
 
2016-06-06 14:18:52,369 INFO  [Logger] Setup Completed 
</system-out>
  </testcase>
</testsuite>