<?xml version="1.0" encoding="UTF-8"?>
<!-- Generated by org.testng.reporters.JUnitXMLReporter -->
<testsuite hostname="NACTS-081729" name="ChromeTest" tests="1" failures="1" timestamp="17 May 2016 15:39:42 GMT" time="6.258" errors="0">
  <testcase name="createCustomerTest" time="2.397" classname="automationFramework.TestCases.CmcTest">
    <failure type="com.gargoylesoftware.htmlunit.ScriptException" message="TypeError: Cannot find function bind in object 
function call() {
    [native code]
}
. (http://172.23.4.196:9001/js/es6-shim.min.js#10)">
      <![CDATA[======= EXCEPTION START ========
EcmaError: lineNumber=[10] column=[0] lineSource=[<no source>] name=[TypeError] sourceName=[http://172.23.4.196:9001/js/es6-shim.min.js] message=[TypeError: Cannot find function bind in object 
function call() {
    [native code]
}
. (http://172.23.4.196:9001/js/es6-shim.min.js#10)]
com.gargoylesoftware.htmlunit.ScriptException: TypeError: Cannot find function bind in object 
function call() {
    [native code]
}
. (http://172.23.4.196:9001/js/es6-shim.min.js#10)
	at com.gargoylesoftware.htmlunit.javascript.JavaScriptEngine$HtmlUnitContextAction.run(JavaScriptEngine.java:705)
	at net.sourceforge.htmlunit.corejs.javascript.Context.call(Context.java:620)
	at net.sourceforge.htmlunit.corejs.javascript.ContextFactory.call(ContextFactory.java:513)
	at com.gargoylesoftware.htmlunit.javascript.JavaScriptEngine.execute(JavaScriptEngine.java:591)
	at com.gargoylesoftware.htmlunit.html.HtmlPage.loadExternalJavaScriptFile(HtmlPage.java:1078)
	at com.gargoylesoftware.htmlunit.html.HtmlScript.executeScriptIfNeeded(HtmlScript.java:393)
	at com.gargoylesoftware.htmlunit.html.HtmlScript$3.execute(HtmlScript.java:268)
	at com.gargoylesoftware.htmlunit.html.HtmlScript.onAllChildrenAddedToPage(HtmlScript.java:288)
	at com.gargoylesoftware.htmlunit.html.HTMLParser$HtmlUnitDOMBuilder.endElement(HTMLParser.java:741)
	at org.apache.xerces.parsers.AbstractSAXParser.endElement(Unknown Source)
	at com.gargoylesoftware.htmlunit.html.HTMLParser$HtmlUnitDOMBuilder.endElement(HTMLParser.java:701)
	at org.cyberneko.html.HTMLTagBalancer.callEndElement(HTMLTagBalancer.java:1170)
	at org.cyberneko.html.HTMLTagBalancer.endElement(HTMLTagBalancer.java:1072)
	at org.cyberneko.html.filters.DefaultFilter.endElement(DefaultFilter.java:206)
	at org.cyberneko.html.filters.NamespaceBinder.endElement(NamespaceBinder.java:330)
	at org.cyberneko.html.HTMLScanner$ContentScanner.scanEndElement(HTMLScanner.java:3126)
	at org.cyberneko.html.HTMLScanner$ContentScanner.scan(HTMLScanner.java:2093)
	at org.cyberneko.html.HTMLScanner.scanDocument(HTMLScanner.java:920)
	at org.cyberneko.html.HTMLConfiguration.parse(HTMLConfiguration.java:499)
	at org.cyberneko.html.HTMLConfiguration.parse(HTMLConfiguration.java:452)
	at org.apache.xerces.parsers.XMLParser.parse(Unknown Source)
	at com.gargoylesoftware.htmlunit.html.HTMLParser$HtmlUnitDOMBuilder.parse(HTMLParser.java:965)
	at com.gargoylesoftware.htmlunit.html.HTMLParser.parse(HTMLParser.java:247)
	at com.gargoylesoftware.htmlunit.html.HTMLParser.parseHtml(HTMLParser.java:193)
	at com.gargoylesoftware.htmlunit.DefaultPageCreator.createHtmlPage(DefaultPageCreator.java:268)
	at com.gargoylesoftware.htmlunit.DefaultPageCreator.createPage(DefaultPageCreator.java:156)
	at com.gargoylesoftware.htmlunit.WebClient.loadWebResponseInto(WebClient.java:468)
	at com.gargoylesoftware.htmlunit.WebClient.getPage(WebClient.java:342)
	at com.gargoylesoftware.htmlunit.WebClient.getPage(WebClient.java:407)
	at com.gargoylesoftware.htmlunit.WebClient.getPage(WebClient.java:392)
	at automationFramework.PageObjects.BaseClass.getStatusCode(BaseClass.java:73)
	at automationFramework.PageObjects.BaseClass.getLandingPage(BaseClass.java:38)
	at automationFramework.TestCases.CmcTest.createCustomerTest(CmcTest.java:187)
Caused by: net.sourceforge.htmlunit.corejs.javascript.EcmaError: TypeError: Cannot find function bind in object 
function call() {
    [native code]
}
. (http://172.23.4.196:9001/js/es6-shim.min.js#10)
	at net.sourceforge.htmlunit.corejs.javascript.ScriptRuntime.constructError(ScriptRuntime.java:3629)
	at net.sourceforge.htmlunit.corejs.javascript.ScriptRuntime.constructError(ScriptRuntime.java:3613)
	at net.sourceforge.htmlunit.corejs.javascript.ScriptRuntime.typeError(ScriptRuntime.java:3634)
	at net.sourceforge.htmlunit.corejs.javascript.ScriptRuntime.typeError2(ScriptRuntime.java:3650)
	at net.sourceforge.htmlunit.corejs.javascript.ScriptRuntime.notFunctionError(ScriptRuntime.java:3714)
	at net.sourceforge.htmlunit.corejs.javascript.ScriptRuntime.getPropFunctionAndThisHelper(ScriptRuntime.java:2233)
	at net.sourceforge.htmlunit.corejs.javascript.ScriptRuntime.getPropFunctionAndThis(ScriptRuntime.java:2215)
	at net.sourceforge.htmlunit.corejs.javascript.Interpreter.interpretLoop(Interpreter.java:1333)
	at net.sourceforge.htmlunit.corejs.javascript.Interpreter.interpret(Interpreter.java:798)
	at net.sourceforge.htmlunit.corejs.javascript.InterpretedFunction.call(InterpretedFunction.java:105)
	at net.sourceforge.htmlunit.corejs.javascript.ContextFactory.doTopCall(ContextFactory.java:411)
	at com.gargoylesoftware.htmlunit.javascript.HtmlUnitContextFactory.doTopCall(HtmlUnitContextFactory.java:309)
	at net.sourceforge.htmlunit.corejs.javascript.ScriptRuntime.doTopCall(ScriptRuntime.java:3057)
	at net.sourceforge.htmlunit.corejs.javascript.InterpretedFunction.exec(InterpretedFunction.java:115)
	at com.gargoylesoftware.htmlunit.javascript.JavaScriptEngine$3.doRun(JavaScriptEngine.java:582)
	at com.gargoylesoftware.htmlunit.javascript.JavaScriptEngine$HtmlUnitContextAction.run(JavaScriptEngine.java:690)
	... 56 more
Enclosed exception: 
net.sourceforge.htmlunit.corejs.javascript.EcmaError: TypeError: Cannot find function bind in object 
function call() {
    [native code]
}
. (http://172.23.4.196:9001/js/es6-shim.min.js#10)
	at net.sourceforge.htmlunit.corejs.javascript.ScriptRuntime.constructError(ScriptRuntime.java:3629)
	at net.sourceforge.htmlunit.corejs.javascript.ScriptRuntime.constructError(ScriptRuntime.java:3613)
	at net.sourceforge.htmlunit.corejs.javascript.ScriptRuntime.typeError(ScriptRuntime.java:3634)
	at net.sourceforge.htmlunit.corejs.javascript.ScriptRuntime.typeError2(ScriptRuntime.java:3650)
	at net.sourceforge.htmlunit.corejs.javascript.ScriptRuntime.notFunctionError(ScriptRuntime.java:3714)
	at net.sourceforge.htmlunit.corejs.javascript.ScriptRuntime.getPropFunctionAndThisHelper(ScriptRuntime.java:2233)
	at net.sourceforge.htmlunit.corejs.javascript.ScriptRuntime.getPropFunctionAndThis(ScriptRuntime.java:2215)
	at net.sourceforge.htmlunit.corejs.javascript.Interpreter.interpretLoop(Interpreter.java:1333)
	at script(http://172.23.4.196:9001/js/es6-shim.min.js:10)
	at script(http://172.23.4.196:9001/js/es6-shim.min.js:10)
	at script(http://172.23.4.196:9001/js/es6-shim.min.js:10)
	at net.sourceforge.htmlunit.corejs.javascript.Interpreter.interpret(Interpreter.java:798)
	at net.sourceforge.htmlunit.corejs.javascript.InterpretedFunction.call(InterpretedFunction.java:105)
	at net.sourceforge.htmlunit.corejs.javascript.ContextFactory.doTopCall(ContextFactory.java:411)
	at com.gargoylesoftware.htmlunit.javascript.HtmlUnitContextFactory.doTopCall(HtmlUnitContextFactory.java:309)
	at net.sourceforge.htmlunit.corejs.javascript.ScriptRuntime.doTopCall(ScriptRuntime.java:3057)
	at net.sourceforge.htmlunit.corejs.javascript.InterpretedFunction.exec(InterpretedFunction.java:115)
	at com.gargoylesoftware.htmlunit.javascript.JavaScriptEngine$3.doRun(JavaScriptEngine.java:582)
	at com.gargoylesoftware.htmlunit.javascript.JavaScriptEngine$HtmlUnitContextAction.run(JavaScriptEngine.java:690)
	at net.sourceforge.htmlunit.corejs.javascript.Context.call(Context.java:620)
	at net.sourceforge.htmlunit.corejs.javascript.ContextFactory.call(ContextFactory.java:513)
	at com.gargoylesoftware.htmlunit.javascript.JavaScriptEngine.execute(JavaScriptEngine.java:591)
	at com.gargoylesoftware.htmlunit.html.HtmlPage.loadExternalJavaScriptFile(HtmlPage.java:1078)
	at com.gargoylesoftware.htmlunit.html.HtmlScript.executeScriptIfNeeded(HtmlScript.java:393)
	at com.gargoylesoftware.htmlunit.html.HtmlScript$3.execute(HtmlScript.java:268)
	at com.gargoylesoftware.htmlunit.html.HtmlScript.onAllChildrenAddedToPage(HtmlScript.java:288)
	at com.gargoylesoftware.htmlunit.html.HTMLParser$HtmlUnitDOMBuilder.endElement(HTMLParser.java:741)
	at org.apache.xerces.parsers.AbstractSAXParser.endElement(Unknown Source)
	at com.gargoylesoftware.htmlunit.html.HTMLParser$HtmlUnitDOMBuilder.endElement(HTMLParser.java:701)
	at org.cyberneko.html.HTMLTagBalancer.callEndElement(HTMLTagBalancer.java:1170)
	at org.cyberneko.html.HTMLTagBalancer.endElement(HTMLTagBalancer.java:1072)
	at org.cyberneko.html.filters.DefaultFilter.endElement(DefaultFilter.java:206)
	at org.cyberneko.html.filters.NamespaceBinder.endElement(NamespaceBinder.java:330)
	at org.cyberneko.html.HTMLScanner$ContentScanner.scanEndElement(HTMLScanner.java:3126)
	at org.cyberneko.html.HTMLScanner$ContentScanner.scan(HTMLScanner.java:2093)
	at org.cyberneko.html.HTMLScanner.scanDocument(HTMLScanner.java:920)
	at org.cyberneko.html.HTMLConfiguration.parse(HTMLConfiguration.java:499)
	at org.cyberneko.html.HTMLConfiguration.parse(HTMLConfiguration.java:452)
	at org.apache.xerces.parsers.XMLParser.parse(Unknown Source)
	at com.gargoylesoftware.htmlunit.html.HTMLParser$HtmlUnitDOMBuilder.parse(HTMLParser.java:965)
	at com.gargoylesoftware.htmlunit.html.HTMLParser.parse(HTMLParser.java:247)
	at com.gargoylesoftware.htmlunit.html.HTMLParser.parseHtml(HTMLParser.java:193)
	at com.gargoylesoftware.htmlunit.DefaultPageCreator.createHtmlPage(DefaultPageCreator.java:268)
	at com.gargoylesoftware.htmlunit.DefaultPageCreator.createPage(DefaultPageCreator.java:156)
	at com.gargoylesoftware.htmlunit.WebClient.loadWebResponseInto(WebClient.java:468)
	at com.gargoylesoftware.htmlunit.WebClient.getPage(WebClient.java:342)
	at com.gargoylesoftware.htmlunit.WebClient.getPage(WebClient.java:407)
	at com.gargoylesoftware.htmlunit.WebClient.getPage(WebClient.java:392)
	at automationFramework.PageObjects.BaseClass.getStatusCode(BaseClass.java:73)
	at automationFramework.PageObjects.BaseClass.getLandingPage(BaseClass.java:38)
	at automationFramework.TestCases.CmcTest.createCustomerTest(CmcTest.java:187)
======= EXCEPTION END ========
... Removed 48 stack frames]]>
    </failure>
  </testcase> <!-- createCustomerTest -->
</testsuite> <!-- ChromeTest -->
