<?xml version="1.0" encoding="UTF-8"?>
<!-- Generated by org.testng.reporters.JUnitXMLReporter -->
<testsuite hostname="NACTS-081729" name="FirefoxTest" tests="32" failures="0" timestamp="1 Jul 2016 16:38:00 GMT" time="863.594" errors="0">
  <testcase name="createNewCustomer" time="33.336" classname="automationFramework.TestCases.CreateCustomerTest"/>
  <testcase name="createCustomerCancel" time="19.456" classname="automationFramework.TestCases.CreateCustomerTest"/>
  <testcase name="createCustomerContactTypeNotSelected" time="27.695" classname="automationFramework.TestCases.CreateCustomerTest"/>
  <testcase name="createCustomerInvalidEmail" time="25.539" classname="automationFramework.TestCases.CreateCustomerTest"/>
  <testcase name="createCustomerInvalidPin" time="22.671" classname="automationFramework.TestCases.CreateCustomerTest"/>
  <testcase name="createCustomerFundingInvalidCC" time="18.521" classname="automationFramework.TestCases.CreateCustomerTest"/>
  <testcase name="createCustomerInvalidUserName" time="19.225" classname="automationFramework.TestCases.CreateCustomerTest"/>
  <testcase name="createCustomerInvalidPhone" time="11.88" classname="automationFramework.TestCases.CreateCustomerTest"/>
  <testcase name="createCustomerNameMissing" time="9.861" classname="automationFramework.TestCases.CreateCustomerTest"/>
  <testcase name="createCustomerEmailMissing" time="14.619" classname="automationFramework.TestCases.CreateCustomerTest"/>
  <testcase name="searchCustomerNotVerifiedTest" time="19.435" classname="automationFramework.TestCases.SearchTest"/>
  <testcase name="searchCustomerNoResultsTest" time="12.392" classname="automationFramework.TestCases.SearchTest"/>
  <testcase name="searchCustomerTypeNotSelected" time="9.196" classname="automationFramework.TestCases.SearchTest"/>
  <testcase name="searchCustomerInvalidEmail" time="11.359" classname="automationFramework.TestCases.SearchTest"/>
  <testcase name="searchCustomerCheckDuplicateTestFname" time="14.602" classname="automationFramework.TestCases.SearchTest"/>
  <testcase name="searchCustomerCheckDuplicateTestLname" time="14.596" classname="automationFramework.TestCases.SearchTest"/>
  <testcase name="searchCustomerCheckDuplicateTestFnameLname" time="15.792" classname="automationFramework.TestCases.SearchTest"/>
  <testcase name="searchCustomerCheckDuplicateTestPhone" time="17.001" classname="automationFramework.TestCases.SearchTest"/>
  <testcase name="searchCustomerCheckDuplicateTestEmail" time="16.623" classname="automationFramework.TestCases.SearchTest"/>
  <testcase name="searchCustomerCheckDuplicateTestEmailPhone" time="16.149" classname="automationFramework.TestCases.SearchTest"/>
  <testcase name="searchCustomerCheckDuplicateTestAll" time="19.66" classname="automationFramework.TestCases.SearchTest"/>
  <testcase name="createFundingSource" time="39.692" classname="automationFramework.TestCases.CreateFundingTest"/>
  <testcase name="createFundingSourceNewBillingAddress" time="45.509" classname="automationFramework.TestCases.CreateFundingTest"/>
  <testcase name="createFundingSourceCancel" time="20.973" classname="automationFramework.TestCases.CreateFundingTest"/>
  <testcase name="createFundingSourceTypeNotSelected" time="19.63" classname="automationFramework.TestCases.CreateFundingTest"/>
  <testcase name="createCustomerInvalidEmail" time="21.484" classname="automationFramework.TestCases.CreateFundingTest"/>
  <testcase name="createCustomerFundingInvalidCC" time="27.063" classname="automationFramework.TestCases.CreateFundingTest"/>
  <testcase name="linkAccountBankNumberMissingTest" time="24.509" classname="automationFramework.TestCases.LinkAccountTest"/>
  <testcase name="linkAccountCancelTest" time="27.649" classname="automationFramework.TestCases.LinkAccountTest"/>
  <testcase name="linkAccountCardExpirationMissingTest" time="21.273" classname="automationFramework.TestCases.LinkAccountTest"/>
  <testcase name="checkBalanceHistory" time="22.299" classname="automationFramework.TestCases.BalanceHistoryTest"/>
  <testcase name="checkEmailNewCustomer" time="37.712" classname="automationFramework.TestCases.EmailTest"/>
</testsuite> <!-- FirefoxTest -->
