<?xml version="1.0" encoding="UTF-8" ?>
<testsuite tests="18" failures="10" name="TestSuite" time="554.483" errors="0" skipped="0">
  <properties>
[...]
</properties>
  <testcase classname="automationFramework.TestCases.SearchTest" name="searchCustomerVerifiedTest" time="7.615">
    <failure message="element not visible
  (Session info: chrome=55.0.2883.87)
  (Driver info: chromedriver=2.25.426923 (0390b88869384d6eb0d5d09729679f934aab9eed),platform=Windows NT 6.1.7601 SP1 x86_64) (WARNING: The server did not provide any stacktrace information)
Command duration or timeout: 37 milliseconds
Build info: version: &apos;3.0.1&apos;, revision: &apos;1969d75&apos;, time: &apos;2016-10-18 09:49:13 -0700&apos;
System info: host: &apos;NACTS-081729&apos;, ip: &apos;149.63.89.106&apos;, os.name: &apos;Windows 7&apos;, os.arch: &apos;amd64&apos;, os.version: &apos;6.1&apos;, java.version: &apos;1.8.0_77&apos;
Driver info: org.openqa.selenium.chrome.ChromeDriver
Capabilities [{applicationCacheEnabled=false, rotatable=false, mobileEmulationEnabled=false, networkConnectionEnabled=false, chrome={chromedriverVersion=2.25.426923 (0390b88869384d6eb0d5d09729679f934aab9eed), userDataDir=C:\WINDOWS\TEMP\scoped_dir64868_24421}, takesHeapSnapshot=true, pageLoadStrategy=normal, databaseEnabled=false, handlesAlerts=true, hasTouchScreen=false, version=55.0.2883.87, platform=XP, browserConnectionEnabled=false, nativeEvents=true, acceptSslCerts=true, locationContextEnabled=true, webStorageEnabled=true, browserName=chrome, takesScreenshot=true, javascriptEnabled=true, cssSelectorsEnabled=true}]
Session ID: 2ea5beb1837480584f2b3ac907c7740d" type="org.openqa.selenium.ElementNotVisibleException">org.openqa.selenium.ElementNotVisibleException: element not visible
  (Session info: chrome=55.0.2883.87)
  (Driver info: chromedriver=2.25.426923 (0390b88869384d6eb0d5d09729679f934aab9eed),platform=Windows NT 6.1.7601 SP1 x86_64) (WARNING: The server did not provide any stacktrace information)
Command duration or timeout: 37 milliseconds
Build info: version: &apos;3.0.1&apos;, revision: &apos;1969d75&apos;, time: &apos;2016-10-18 09:49:13 -0700&apos;
System info: host: &apos;NACTS-081729&apos;, ip: &apos;149.63.89.106&apos;, os.name: &apos;Windows 7&apos;, os.arch: &apos;amd64&apos;, os.version: &apos;6.1&apos;, java.version: &apos;1.8.0_77&apos;
Driver info: org.openqa.selenium.chrome.ChromeDriver
Capabilities [{applicationCacheEnabled=false, rotatable=false, mobileEmulationEnabled=false, networkConnectionEnabled=false, chrome={chromedriverVersion=2.25.426923 (0390b88869384d6eb0d5d09729679f934aab9eed), userDataDir=C:\WINDOWS\TEMP\scoped_dir64868_24421}, takesHeapSnapshot=true, pageLoadStrategy=normal, databaseEnabled=false, handlesAlerts=true, hasTouchScreen=false, version=55.0.2883.87, platform=XP, browserConnectionEnabled=false, nativeEvents=true, acceptSslCerts=true, locationContextEnabled=true, webStorageEnabled=true, browserName=chrome, takesScreenshot=true, javascriptEnabled=true, cssSelectorsEnabled=true}]
Session ID: 2ea5beb1837480584f2b3ac907c7740d
	at sun.reflect.NativeConstructorAccessorImpl.newInstance0(Native Method)
	at sun.reflect.NativeConstructorAccessorImpl.newInstance(NativeConstructorAccessorImpl.java:62)
	at sun.reflect.DelegatingConstructorAccessorImpl.newInstance(DelegatingConstructorAccessorImpl.java:45)
	at java.lang.reflect.Constructor.newInstance(Constructor.java:423)
	at org.openqa.selenium.remote.ErrorHandler.createThrowable(ErrorHandler.java:216)
	at org.openqa.selenium.remote.ErrorHandler.throwIfResponseFailed(ErrorHandler.java:168)
	at org.openqa.selenium.remote.RemoteWebDriver.execute(RemoteWebDriver.java:635)
	at org.openqa.selenium.remote.RemoteWebElement.execute(RemoteWebElement.java:274)
	at org.openqa.selenium.remote.RemoteWebElement.click(RemoteWebElement.java:84)
	at automationFramework.PageObjects.CreateCustomerPage.clickNewCustomer(CreateCustomerPage.java:88)
	at automationFramework.TestCases.CoreTest.createCustomerClickHome(CoreTest.java:180)
	at automationFramework.TestCases.SearchTest.searchCustomerVerifiedTest(SearchTest.java:50)
</failure>
    <system-out>Time in Milliseconds: 0 
Test Case: automationFramework.TestCases.SearchTest 
Time Stamp: 2017-01-03 16:08:17,946 
Code Location: automationFramework.TestCases.SearchTest.setUp(SearchTest.java:37) 
Log Message: Setup Started 
 
2017-01-03 16:08:17,946 INFO  [Logger] Setup Started 
Time in Milliseconds: 145 
Test Case: automationFramework.TestCases.SearchTest 
Time Stamp: 2017-01-03 16:08:18,091 
Code Location: automationFramework.TestCases.SearchTest.setUp(SearchTest.java:38) 
Log Message: Current OS: Windows 7 Enterprise 
 
2017-01-03 16:08:18,091 INFO  [Logger] Current OS: Windows 7 Enterprise 
Time in Milliseconds: 146 
Test Case: automationFramework.TestCases.SearchTest 
Time Stamp: 2017-01-03 16:08:18,092 
Code Location: automationFramework.TestCases.SearchTest.setUp(SearchTest.java:39) 
Log Message: Current Browser: chrome.exe 
 
2017-01-03 16:08:18,092 INFO  [Logger] Current Browser: chrome.exe 
Time in Milliseconds: 1974 
Test Case: automationFramework.TestCases.SearchTest 
Time Stamp: 2017-01-03 16:08:19,920 
Code Location: automationFramework.TestCases.SearchTest.setUp(SearchTest.java:42) 
Log Message: Setup Completed 
 
2017-01-03 16:08:19,920 INFO  [Logger] Setup Completed 
</system-out>
    <system-err>Starting ChromeDriver 2.25.426923 (0390b88869384d6eb0d5d09729679f934aab9eed) on port 19156
Only local connections are allowed.
Jan 03, 2017 4:08:19 PM org.openqa.selenium.remote.ProtocolHandshake createSession
INFO: Attempting bi-dialect session, assuming Postel&apos;s Law holds true on the remote end
Jan 03, 2017 4:08:19 PM org.openqa.selenium.remote.ProtocolHandshake createSession
INFO: Detected dialect: OSS
</system-err>
  </testcase>
  <testcase classname="automationFramework.TestCases.SearchTest" name="searchCustomerNotVerifiedTest" time="13.286">
    <failure message="unknown error: Element is not clickable at point (193, 119). Other element would receive the click: &lt;div class=&quot;collapse navbar-collapse&quot; id=&quot;nav-collapse-1&quot;&gt;...&lt;/div&gt;
  (Session info: chrome=55.0.2883.87)
  (Driver info: chromedriver=2.25.426923 (0390b88869384d6eb0d5d09729679f934aab9eed),platform=Windows NT 6.1.7601 SP1 x86_64) (WARNING: The server did not provide any stacktrace information)
Command duration or timeout: 54 milliseconds
Build info: version: &apos;3.0.1&apos;, revision: &apos;1969d75&apos;, time: &apos;2016-10-18 09:49:13 -0700&apos;
System info: host: &apos;NACTS-081729&apos;, ip: &apos;149.63.89.106&apos;, os.name: &apos;Windows 7&apos;, os.arch: &apos;amd64&apos;, os.version: &apos;6.1&apos;, java.version: &apos;1.8.0_77&apos;
Driver info: org.openqa.selenium.chrome.ChromeDriver
Capabilities [{applicationCacheEnabled=false, rotatable=false, mobileEmulationEnabled=false, networkConnectionEnabled=false, chrome={chromedriverVersion=2.25.426923 (0390b88869384d6eb0d5d09729679f934aab9eed), userDataDir=C:\WINDOWS\TEMP\scoped_dir66268_25226}, takesHeapSnapshot=true, pageLoadStrategy=normal, databaseEnabled=false, handlesAlerts=true, hasTouchScreen=false, version=55.0.2883.87, platform=XP, browserConnectionEnabled=false, nativeEvents=true, acceptSslCerts=true, locationContextEnabled=true, webStorageEnabled=true, browserName=chrome, takesScreenshot=true, javascriptEnabled=true, cssSelectorsEnabled=true}]
Session ID: 1fda9588fda421de363d990ba93ff19c" type="org.openqa.selenium.WebDriverException">org.openqa.selenium.WebDriverException: unknown error: Element is not clickable at point (193, 119). Other element would receive the click: &lt;div class=&quot;collapse navbar-collapse&quot; id=&quot;nav-collapse-1&quot;&gt;...&lt;/div&gt;
  (Session info: chrome=55.0.2883.87)
  (Driver info: chromedriver=2.25.426923 (0390b88869384d6eb0d5d09729679f934aab9eed),platform=Windows NT 6.1.7601 SP1 x86_64) (WARNING: The server did not provide any stacktrace information)
Command duration or timeout: 54 milliseconds
Build info: version: &apos;3.0.1&apos;, revision: &apos;1969d75&apos;, time: &apos;2016-10-18 09:49:13 -0700&apos;
System info: host: &apos;NACTS-081729&apos;, ip: &apos;149.63.89.106&apos;, os.name: &apos;Windows 7&apos;, os.arch: &apos;amd64&apos;, os.version: &apos;6.1&apos;, java.version: &apos;1.8.0_77&apos;
Driver info: org.openqa.selenium.chrome.ChromeDriver
Capabilities [{applicationCacheEnabled=false, rotatable=false, mobileEmulationEnabled=false, networkConnectionEnabled=false, chrome={chromedriverVersion=2.25.426923 (0390b88869384d6eb0d5d09729679f934aab9eed), userDataDir=C:\WINDOWS\TEMP\scoped_dir66268_25226}, takesHeapSnapshot=true, pageLoadStrategy=normal, databaseEnabled=false, handlesAlerts=true, hasTouchScreen=false, version=55.0.2883.87, platform=XP, browserConnectionEnabled=false, nativeEvents=true, acceptSslCerts=true, locationContextEnabled=true, webStorageEnabled=true, browserName=chrome, takesScreenshot=true, javascriptEnabled=true, cssSelectorsEnabled=true}]
Session ID: 1fda9588fda421de363d990ba93ff19c
	at sun.reflect.NativeConstructorAccessorImpl.newInstance0(Native Method)
	at sun.reflect.NativeConstructorAccessorImpl.newInstance(NativeConstructorAccessorImpl.java:62)
	at sun.reflect.DelegatingConstructorAccessorImpl.newInstance(DelegatingConstructorAccessorImpl.java:45)
	at java.lang.reflect.Constructor.newInstance(Constructor.java:423)
	at org.openqa.selenium.remote.ErrorHandler.createThrowable(ErrorHandler.java:216)
	at org.openqa.selenium.remote.ErrorHandler.throwIfResponseFailed(ErrorHandler.java:168)
	at org.openqa.selenium.remote.RemoteWebDriver.execute(RemoteWebDriver.java:635)
	at org.openqa.selenium.remote.RemoteWebElement.execute(RemoteWebElement.java:274)
	at org.openqa.selenium.remote.RemoteWebElement.click(RemoteWebElement.java:84)
	at automationFramework.PageObjects.SearchPage.clickNotVerified(SearchPage.java:145)
	at automationFramework.TestCases.SearchTest.searchCustomerNotVerifiedTest(SearchTest.java:110)
</failure>
    <system-out>Time in Milliseconds: 9589 
Test Case: automationFramework.TestCases.SearchTest 
Time Stamp: 2017-01-03 16:08:27,535 
Code Location: automationFramework.TestCases.SearchTest.tearDown(SearchTest.java:508) 
Log Message: TearDown Complete 
 
2017-01-03 16:08:27,535 INFO  [Logger] TearDown Complete 
Time in Milliseconds: 10604 
Test Case: automationFramework.TestCases.SearchTest 
Time Stamp: 2017-01-03 16:08:28,550 
Code Location: automationFramework.TestCases.SearchTest.setUp(SearchTest.java:37) 
Log Message: Setup Started 
 
Time in Milliseconds: 10604 
Test Case: automationFramework.TestCases.SearchTest 
Time Stamp: 2017-01-03 16:08:28,550 
Code Location: automationFramework.TestCases.SearchTest.setUp(SearchTest.java:37) 
Log Message: Setup Started 
 
2017-01-03 16:08:28,550 INFO  [Logger] Setup Started 
Time in Milliseconds: 10657 
Test Case: automationFramework.TestCases.SearchTest 
Time Stamp: 2017-01-03 16:08:28,603 
Code Location: automationFramework.TestCases.SearchTest.setUp(SearchTest.java:38) 
Log Message: Current OS: Windows 7 Enterprise 
 
Time in Milliseconds: 10657 
Test Case: automationFramework.TestCases.SearchTest 
Time Stamp: 2017-01-03 16:08:28,603 
Code Location: automationFramework.TestCases.SearchTest.setUp(SearchTest.java:38) 
Log Message: Current OS: Windows 7 Enterprise 
 
2017-01-03 16:08:28,603 INFO  [Logger] Current OS: Windows 7 Enterprise 
Time in Milliseconds: 10658 
Test Case: automationFramework.TestCases.SearchTest 
Time Stamp: 2017-01-03 16:08:28,604 
Code Location: automationFramework.TestCases.SearchTest.setUp(SearchTest.java:39) 
Log Message: Current Browser: chrome.exe 
 
Time in Milliseconds: 10658 
Test Case: automationFramework.TestCases.SearchTest 
Time Stamp: 2017-01-03 16:08:28,604 
Code Location: automationFramework.TestCases.SearchTest.setUp(SearchTest.java:39) 
Log Message: Current Browser: chrome.exe 
 
2017-01-03 16:08:28,604 INFO  [Logger] Current Browser: chrome.exe 
Time in Milliseconds: 11919 
Test Case: automationFramework.TestCases.SearchTest 
Time Stamp: 2017-01-03 16:08:29,865 
Code Location: automationFramework.TestCases.SearchTest.setUp(SearchTest.java:42) 
Log Message: Setup Completed 
 
Time in Milliseconds: 11919 
Test Case: automationFramework.TestCases.SearchTest 
Time Stamp: 2017-01-03 16:08:29,865 
Code Location: automationFramework.TestCases.SearchTest.setUp(SearchTest.java:42) 
Log Message: Setup Completed 
 
2017-01-03 16:08:29,865 INFO  [Logger] Setup Completed 
</system-out>
    <system-err>Starting ChromeDriver 2.25.426923 (0390b88869384d6eb0d5d09729679f934aab9eed) on port 30362
Only local connections are allowed.
Jan 03, 2017 4:08:29 PM org.openqa.selenium.remote.ProtocolHandshake createSession
INFO: Attempting bi-dialect session, assuming Postel&apos;s Law holds true on the remote end
Jan 03, 2017 4:08:29 PM org.openqa.selenium.remote.ProtocolHandshake createSession
INFO: Detected dialect: OSS
</system-err>
  </testcase>
  <testcase classname="automationFramework.TestCases.SearchTest" name="searchCustomerNoResultsTest" time="12.118"/>
  <testcase classname="automationFramework.TestCases.SearchTest" name="searchCustomerTypeNotSelected" time="10.06"/>
  <testcase classname="automationFramework.TestCases.SearchTest" name="searchCustomerInvalidEmail" time="11.611"/>
  <testcase classname="automationFramework.TestCases.SearchTest" name="searchCustomerCheckDuplicateTestFname" time="18.082"/>
  <testcase classname="automationFramework.TestCases.SearchTest" name="searchCustomerCheckDuplicateTestLname" time="16.869"/>
  <testcase classname="automationFramework.TestCases.SearchTest" name="searchCustomerCheckDuplicateTestFnameLname" time="15.548"/>
  <testcase classname="automationFramework.TestCases.SearchTest" name="searchCustomerCheckDuplicateTestPhone" time="8.12">
    <failure message="element not visible
  (Session info: chrome=55.0.2883.87)
  (Driver info: chromedriver=2.25.426923 (0390b88869384d6eb0d5d09729679f934aab9eed),platform=Windows NT 6.1.7601 SP1 x86_64) (WARNING: The server did not provide any stacktrace information)
Command duration or timeout: 106 milliseconds
Build info: version: &apos;3.0.1&apos;, revision: &apos;1969d75&apos;, time: &apos;2016-10-18 09:49:13 -0700&apos;
System info: host: &apos;NACTS-081729&apos;, ip: &apos;149.63.89.106&apos;, os.name: &apos;Windows 7&apos;, os.arch: &apos;amd64&apos;, os.version: &apos;6.1&apos;, java.version: &apos;1.8.0_77&apos;
Driver info: org.openqa.selenium.chrome.ChromeDriver
Capabilities [{applicationCacheEnabled=false, rotatable=false, mobileEmulationEnabled=false, networkConnectionEnabled=false, chrome={chromedriverVersion=2.25.426923 (0390b88869384d6eb0d5d09729679f934aab9eed), userDataDir=C:\WINDOWS\TEMP\scoped_dir58436_10090}, takesHeapSnapshot=true, pageLoadStrategy=normal, databaseEnabled=false, handlesAlerts=true, hasTouchScreen=false, version=55.0.2883.87, platform=XP, browserConnectionEnabled=false, nativeEvents=true, acceptSslCerts=true, locationContextEnabled=true, webStorageEnabled=true, browserName=chrome, takesScreenshot=true, javascriptEnabled=true, cssSelectorsEnabled=true}]
Session ID: baa0a2adfb5e65494fd0db349c6d4e26" type="org.openqa.selenium.ElementNotVisibleException">org.openqa.selenium.ElementNotVisibleException: element not visible
  (Session info: chrome=55.0.2883.87)
  (Driver info: chromedriver=2.25.426923 (0390b88869384d6eb0d5d09729679f934aab9eed),platform=Windows NT 6.1.7601 SP1 x86_64) (WARNING: The server did not provide any stacktrace information)
Command duration or timeout: 106 milliseconds
Build info: version: &apos;3.0.1&apos;, revision: &apos;1969d75&apos;, time: &apos;2016-10-18 09:49:13 -0700&apos;
System info: host: &apos;NACTS-081729&apos;, ip: &apos;149.63.89.106&apos;, os.name: &apos;Windows 7&apos;, os.arch: &apos;amd64&apos;, os.version: &apos;6.1&apos;, java.version: &apos;1.8.0_77&apos;
Driver info: org.openqa.selenium.chrome.ChromeDriver
Capabilities [{applicationCacheEnabled=false, rotatable=false, mobileEmulationEnabled=false, networkConnectionEnabled=false, chrome={chromedriverVersion=2.25.426923 (0390b88869384d6eb0d5d09729679f934aab9eed), userDataDir=C:\WINDOWS\TEMP\scoped_dir58436_10090}, takesHeapSnapshot=true, pageLoadStrategy=normal, databaseEnabled=false, handlesAlerts=true, hasTouchScreen=false, version=55.0.2883.87, platform=XP, browserConnectionEnabled=false, nativeEvents=true, acceptSslCerts=true, locationContextEnabled=true, webStorageEnabled=true, browserName=chrome, takesScreenshot=true, javascriptEnabled=true, cssSelectorsEnabled=true}]
Session ID: baa0a2adfb5e65494fd0db349c6d4e26
	at sun.reflect.NativeConstructorAccessorImpl.newInstance0(Native Method)
	at sun.reflect.NativeConstructorAccessorImpl.newInstance(NativeConstructorAccessorImpl.java:62)
	at sun.reflect.DelegatingConstructorAccessorImpl.newInstance(DelegatingConstructorAccessorImpl.java:45)
	at java.lang.reflect.Constructor.newInstance(Constructor.java:423)
	at org.openqa.selenium.remote.ErrorHandler.createThrowable(ErrorHandler.java:216)
	at org.openqa.selenium.remote.ErrorHandler.throwIfResponseFailed(ErrorHandler.java:168)
	at org.openqa.selenium.remote.RemoteWebDriver.execute(RemoteWebDriver.java:635)
	at org.openqa.selenium.remote.RemoteWebElement.execute(RemoteWebElement.java:274)
	at org.openqa.selenium.remote.RemoteWebElement.click(RemoteWebElement.java:84)
	at automationFramework.PageObjects.CreateCustomerPage.clickNewCustomer(CreateCustomerPage.java:88)
	at automationFramework.TestCases.CoreTest.createCustomerClickHome(CoreTest.java:180)
	at automationFramework.TestCases.SearchTest.createNewCustomer(SearchTest.java:489)
	at automationFramework.TestCases.SearchTest.searchCustomerCheckDuplicateTestPhone(SearchTest.java:208)
</failure>
    <system-out>Time in Milliseconds: 122117 
Test Case: automationFramework.TestCases.SearchTest 
Time Stamp: 2017-01-03 16:10:20,063 
Code Location: automationFramework.TestCases.SearchTest.tearDown(SearchTest.java:508) 
Log Message: TearDown Complete 
 
Time in Milliseconds: 122117 
Test Case: automationFramework.TestCases.SearchTest 
Time Stamp: 2017-01-03 16:10:20,063 
Code Location: automationFramework.TestCases.SearchTest.tearDown(SearchTest.java:508) 
Log Message: TearDown Complete 
 
Time in Milliseconds: 122117 
Test Case: automationFramework.TestCases.SearchTest 
Time Stamp: 2017-01-03 16:10:20,063 
Code Location: automationFramework.TestCases.SearchTest.tearDown(SearchTest.java:508) 
Log Message: TearDown Complete 
 
Time in Milliseconds: 122117 
Test Case: automationFramework.TestCases.SearchTest 
Time Stamp: 2017-01-03 16:10:20,063 
Code Location: automationFramework.TestCases.SearchTest.tearDown(SearchTest.java:508) 
Log Message: TearDown Complete 
 
Time in Milliseconds: 122117 
Test Case: automationFramework.TestCases.SearchTest 
Time Stamp: 2017-01-03 16:10:20,063 
Code Location: automationFramework.TestCases.SearchTest.tearDown(SearchTest.java:508) 
Log Message: TearDown Complete 
 
Time in Milliseconds: 122117 
Test Case: automationFramework.TestCases.SearchTest 
Time Stamp: 2017-01-03 16:10:20,063 
Code Location: automationFramework.TestCases.SearchTest.tearDown(SearchTest.java:508) 
Log Message: TearDown Complete 
 
Time in Milliseconds: 122117 
Test Case: automationFramework.TestCases.SearchTest 
Time Stamp: 2017-01-03 16:10:20,063 
Code Location: automationFramework.TestCases.SearchTest.tearDown(SearchTest.java:508) 
Log Message: TearDown Complete 
 
Time in Milliseconds: 122117 
Test Case: automationFramework.TestCases.SearchTest 
Time Stamp: 2017-01-03 16:10:20,063 
Code Location: automationFramework.TestCases.SearchTest.tearDown(SearchTest.java:508) 
Log Message: TearDown Complete 
 
2017-01-03 16:10:20,063 INFO  [Logger] TearDown Complete 
Time in Milliseconds: 122812 
Test Case: automationFramework.TestCases.SearchTest 
Time Stamp: 2017-01-03 16:10:20,758 
Code Location: automationFramework.TestCases.SearchTest.setUp(SearchTest.java:37) 
Log Message: Setup Started 
 
Time in Milliseconds: 122812 
Test Case: automationFramework.TestCases.SearchTest 
Time Stamp: 2017-01-03 16:10:20,758 
Code Location: automationFramework.TestCases.SearchTest.setUp(SearchTest.java:37) 
Log Message: Setup Started 
 
Time in Milliseconds: 122812 
Test Case: automationFramework.TestCases.SearchTest 
Time Stamp: 2017-01-03 16:10:20,758 
Code Location: automationFramework.TestCases.SearchTest.setUp(SearchTest.java:37) 
Log Message: Setup Started 
 
Time in Milliseconds: 122812 
Test Case: automationFramework.TestCases.SearchTest 
Time Stamp: 2017-01-03 16:10:20,758 
Code Location: automationFramework.TestCases.SearchTest.setUp(SearchTest.java:37) 
Log Message: Setup Started 
 
Time in Milliseconds: 122812 
Test Case: automationFramework.TestCases.SearchTest 
Time Stamp: 2017-01-03 16:10:20,758 
Code Location: automationFramework.TestCases.SearchTest.setUp(SearchTest.java:37) 
Log Message: Setup Started 
 
Time in Milliseconds: 122812 
Test Case: automationFramework.TestCases.SearchTest 
Time Stamp: 2017-01-03 16:10:20,758 
Code Location: automationFramework.TestCases.SearchTest.setUp(SearchTest.java:37) 
Log Message: Setup Started 
 
Time in Milliseconds: 122812 
Test Case: automationFramework.TestCases.SearchTest 
Time Stamp: 2017-01-03 16:10:20,758 
Code Location: automationFramework.TestCases.SearchTest.setUp(SearchTest.java:37) 
Log Message: Setup Started 
 
Time in Milliseconds: 122812 
Test Case: automationFramework.TestCases.SearchTest 
Time Stamp: 2017-01-03 16:10:20,758 
Code Location: automationFramework.TestCases.SearchTest.setUp(SearchTest.java:37) 
Log Message: Setup Started 
 
Time in Milliseconds: 122812 
Test Case: automationFramework.TestCases.SearchTest 
Time Stamp: 2017-01-03 16:10:20,758 
Code Location: automationFramework.TestCases.SearchTest.setUp(SearchTest.java:37) 
Log Message: Setup Started 
 
2017-01-03 16:10:20,758 INFO  [Logger] Setup Started 
Time in Milliseconds: 122863 
Test Case: automationFramework.TestCases.SearchTest 
Time Stamp: 2017-01-03 16:10:20,809 
Code Location: automationFramework.TestCases.SearchTest.setUp(SearchTest.java:38) 
Log Message: Current OS: Windows 7 Enterprise 
 
Time in Milliseconds: 122863 
Test Case: automationFramework.TestCases.SearchTest 
Time Stamp: 2017-01-03 16:10:20,809 
Code Location: automationFramework.TestCases.SearchTest.setUp(SearchTest.java:38) 
Log Message: Current OS: Windows 7 Enterprise 
 
Time in Milliseconds: 122863 
Test Case: automationFramework.TestCases.SearchTest 
Time Stamp: 2017-01-03 16:10:20,809 
Code Location: automationFramework.TestCases.SearchTest.setUp(SearchTest.java:38) 
Log Message: Current OS: Windows 7 Enterprise 
 
Time in Milliseconds: 122863 
Test Case: automationFramework.TestCases.SearchTest 
Time Stamp: 2017-01-03 16:10:20,809 
Code Location: automationFramework.TestCases.SearchTest.setUp(SearchTest.java:38) 
Log Message: Current OS: Windows 7 Enterprise 
 
Time in Milliseconds: 122863 
Test Case: automationFramework.TestCases.SearchTest 
Time Stamp: 2017-01-03 16:10:20,809 
Code Location: automationFramework.TestCases.SearchTest.setUp(SearchTest.java:38) 
Log Message: Current OS: Windows 7 Enterprise 
 
Time in Milliseconds: 122863 
Test Case: automationFramework.TestCases.SearchTest 
Time Stamp: 2017-01-03 16:10:20,809 
Code Location: automationFramework.TestCases.SearchTest.setUp(SearchTest.java:38) 
Log Message: Current OS: Windows 7 Enterprise 
 
Time in Milliseconds: 122863 
Test Case: automationFramework.TestCases.SearchTest 
Time Stamp: 2017-01-03 16:10:20,809 
Code Location: automationFramework.TestCases.SearchTest.setUp(SearchTest.java:38) 
Log Message: Current OS: Windows 7 Enterprise 
 
Time in Milliseconds: 122863 
Test Case: automationFramework.TestCases.SearchTest 
Time Stamp: 2017-01-03 16:10:20,809 
Code Location: automationFramework.TestCases.SearchTest.setUp(SearchTest.java:38) 
Log Message: Current OS: Windows 7 Enterprise 
 
Time in Milliseconds: 122863 
Test Case: automationFramework.TestCases.SearchTest 
Time Stamp: 2017-01-03 16:10:20,809 
Code Location: automationFramework.TestCases.SearchTest.setUp(SearchTest.java:38) 
Log Message: Current OS: Windows 7 Enterprise 
 
2017-01-03 16:10:20,809 INFO  [Logger] Current OS: Windows 7 Enterprise 
Time in Milliseconds: 122864 
Test Case: automationFramework.TestCases.SearchTest 
Time Stamp: 2017-01-03 16:10:20,810 
Code Location: automationFramework.TestCases.SearchTest.setUp(SearchTest.java:39) 
Log Message: Current Browser: chrome.exe 
 
Time in Milliseconds: 122864 
Test Case: automationFramework.TestCases.SearchTest 
Time Stamp: 2017-01-03 16:10:20,810 
Code Location: automationFramework.TestCases.SearchTest.setUp(SearchTest.java:39) 
Log Message: Current Browser: chrome.exe 
 
Time in Milliseconds: 122864 
Test Case: automationFramework.TestCases.SearchTest 
Time Stamp: 2017-01-03 16:10:20,810 
Code Location: automationFramework.TestCases.SearchTest.setUp(SearchTest.java:39) 
Log Message: Current Browser: chrome.exe 
 
Time in Milliseconds: 122864 
Test Case: automationFramework.TestCases.SearchTest 
Time Stamp: 2017-01-03 16:10:20,810 
Code Location: automationFramework.TestCases.SearchTest.setUp(SearchTest.java:39) 
Log Message: Current Browser: chrome.exe 
 
Time in Milliseconds: 122864 
Test Case: automationFramework.TestCases.SearchTest 
Time Stamp: 2017-01-03 16:10:20,810 
Code Location: automationFramework.TestCases.SearchTest.setUp(SearchTest.java:39) 
Log Message: Current Browser: chrome.exe 
 
Time in Milliseconds: 122864 
Test Case: automationFramework.TestCases.SearchTest 
Time Stamp: 2017-01-03 16:10:20,810 
Code Location: automationFramework.TestCases.SearchTest.setUp(SearchTest.java:39) 
Log Message: Current Browser: chrome.exe 
 
Time in Milliseconds: 122864 
Test Case: automationFramework.TestCases.SearchTest 
Time Stamp: 2017-01-03 16:10:20,810 
Code Location: automationFramework.TestCases.SearchTest.setUp(SearchTest.java:39) 
Log Message: Current Browser: chrome.exe 
 
Time in Milliseconds: 122864 
Test Case: automationFramework.TestCases.SearchTest 
Time Stamp: 2017-01-03 16:10:20,810 
Code Location: automationFramework.TestCases.SearchTest.setUp(SearchTest.java:39) 
Log Message: Current Browser: chrome.exe 
 
Time in Milliseconds: 122864 
Test Case: automationFramework.TestCases.SearchTest 
Time Stamp: 2017-01-03 16:10:20,810 
Code Location: automationFramework.TestCases.SearchTest.setUp(SearchTest.java:39) 
Log Message: Current Browser: chrome.exe 
 
2017-01-03 16:10:20,810 INFO  [Logger] Current Browser: chrome.exe 
Time in Milliseconds: 124047 
Test Case: automationFramework.TestCases.SearchTest 
Time Stamp: 2017-01-03 16:10:21,993 
Code Location: automationFramework.TestCases.SearchTest.setUp(SearchTest.java:42) 
Log Message: Setup Completed 
 
Time in Milliseconds: 124047 
Test Case: automationFramework.TestCases.SearchTest 
Time Stamp: 2017-01-03 16:10:21,993 
Code Location: automationFramework.TestCases.SearchTest.setUp(SearchTest.java:42) 
Log Message: Setup Completed 
 
Time in Milliseconds: 124047 
Test Case: automationFramework.TestCases.SearchTest 
Time Stamp: 2017-01-03 16:10:21,993 
Code Location: automationFramework.TestCases.SearchTest.setUp(SearchTest.java:42) 
Log Message: Setup Completed 
 
Time in Milliseconds: 124047 
Test Case: automationFramework.TestCases.SearchTest 
Time Stamp: 2017-01-03 16:10:21,993 
Code Location: automationFramework.TestCases.SearchTest.setUp(SearchTest.java:42) 
Log Message: Setup Completed 
 
Time in Milliseconds: 124047 
Test Case: automationFramework.TestCases.SearchTest 
Time Stamp: 2017-01-03 16:10:21,993 
Code Location: automationFramework.TestCases.SearchTest.setUp(SearchTest.java:42) 
Log Message: Setup Completed 
 
Time in Milliseconds: 124047 
Test Case: automationFramework.TestCases.SearchTest 
Time Stamp: 2017-01-03 16:10:21,993 
Code Location: automationFramework.TestCases.SearchTest.setUp(SearchTest.java:42) 
Log Message: Setup Completed 
 
Time in Milliseconds: 124047 
Test Case: automationFramework.TestCases.SearchTest 
Time Stamp: 2017-01-03 16:10:21,993 
Code Location: automationFramework.TestCases.SearchTest.setUp(SearchTest.java:42) 
Log Message: Setup Completed 
 
Time in Milliseconds: 124047 
Test Case: automationFramework.TestCases.SearchTest 
Time Stamp: 2017-01-03 16:10:21,993 
Code Location: automationFramework.TestCases.SearchTest.setUp(SearchTest.java:42) 
Log Message: Setup Completed 
 
Time in Milliseconds: 124047 
Test Case: automationFramework.TestCases.SearchTest 
Time Stamp: 2017-01-03 16:10:21,993 
Code Location: automationFramework.TestCases.SearchTest.setUp(SearchTest.java:42) 
Log Message: Setup Completed 
 
2017-01-03 16:10:21,993 INFO  [Logger] Setup Completed 
</system-out>
    <system-err>Starting ChromeDriver 2.25.426923 (0390b88869384d6eb0d5d09729679f934aab9eed) on port 34781
Only local connections are allowed.
Jan 03, 2017 4:10:21 PM org.openqa.selenium.remote.ProtocolHandshake createSession
INFO: Attempting bi-dialect session, assuming Postel&apos;s Law holds true on the remote end
Jan 03, 2017 4:10:21 PM org.openqa.selenium.remote.ProtocolHandshake createSession
INFO: Detected dialect: OSS
</system-err>
  </testcase>
  <testcase classname="automationFramework.TestCases.SearchTest" name="searchCustomerCheckDuplicateTestEmail" time="8.278">
    <failure message="unknown error: keys should be a string
  (Session info: chrome=55.0.2883.87)
  (Driver info: chromedriver=2.25.426923 (0390b88869384d6eb0d5d09729679f934aab9eed),platform=Windows NT 6.1.7601 SP1 x86_64) (WARNING: The server did not provide any stacktrace information)
Command duration or timeout: 36 milliseconds
Build info: version: &apos;3.0.1&apos;, revision: &apos;1969d75&apos;, time: &apos;2016-10-18 09:49:13 -0700&apos;
System info: host: &apos;NACTS-081729&apos;, ip: &apos;149.63.89.106&apos;, os.name: &apos;Windows 7&apos;, os.arch: &apos;amd64&apos;, os.version: &apos;6.1&apos;, java.version: &apos;1.8.0_77&apos;
Driver info: org.openqa.selenium.chrome.ChromeDriver
Capabilities [{applicationCacheEnabled=false, rotatable=false, mobileEmulationEnabled=false, networkConnectionEnabled=false, chrome={chromedriverVersion=2.25.426923 (0390b88869384d6eb0d5d09729679f934aab9eed), userDataDir=C:\WINDOWS\TEMP\scoped_dir55064_19931}, takesHeapSnapshot=true, pageLoadStrategy=normal, databaseEnabled=false, handlesAlerts=true, hasTouchScreen=false, version=55.0.2883.87, platform=XP, browserConnectionEnabled=false, nativeEvents=true, acceptSslCerts=true, locationContextEnabled=true, webStorageEnabled=true, browserName=chrome, takesScreenshot=true, javascriptEnabled=true, cssSelectorsEnabled=true}]
Session ID: 6aa32b0f3f49ce2af5faead48cdb90a7" type="org.openqa.selenium.WebDriverException">org.openqa.selenium.WebDriverException: unknown error: keys should be a string
  (Session info: chrome=55.0.2883.87)
  (Driver info: chromedriver=2.25.426923 (0390b88869384d6eb0d5d09729679f934aab9eed),platform=Windows NT 6.1.7601 SP1 x86_64) (WARNING: The server did not provide any stacktrace information)
Command duration or timeout: 36 milliseconds
Build info: version: &apos;3.0.1&apos;, revision: &apos;1969d75&apos;, time: &apos;2016-10-18 09:49:13 -0700&apos;
System info: host: &apos;NACTS-081729&apos;, ip: &apos;149.63.89.106&apos;, os.name: &apos;Windows 7&apos;, os.arch: &apos;amd64&apos;, os.version: &apos;6.1&apos;, java.version: &apos;1.8.0_77&apos;
Driver info: org.openqa.selenium.chrome.ChromeDriver
Capabilities [{applicationCacheEnabled=false, rotatable=false, mobileEmulationEnabled=false, networkConnectionEnabled=false, chrome={chromedriverVersion=2.25.426923 (0390b88869384d6eb0d5d09729679f934aab9eed), userDataDir=C:\WINDOWS\TEMP\scoped_dir55064_19931}, takesHeapSnapshot=true, pageLoadStrategy=normal, databaseEnabled=false, handlesAlerts=true, hasTouchScreen=false, version=55.0.2883.87, platform=XP, browserConnectionEnabled=false, nativeEvents=true, acceptSslCerts=true, locationContextEnabled=true, webStorageEnabled=true, browserName=chrome, takesScreenshot=true, javascriptEnabled=true, cssSelectorsEnabled=true}]
Session ID: 6aa32b0f3f49ce2af5faead48cdb90a7
	at sun.reflect.NativeConstructorAccessorImpl.newInstance0(Native Method)
	at sun.reflect.NativeConstructorAccessorImpl.newInstance(NativeConstructorAccessorImpl.java:62)
	at sun.reflect.DelegatingConstructorAccessorImpl.newInstance(DelegatingConstructorAccessorImpl.java:45)
	at java.lang.reflect.Constructor.newInstance(Constructor.java:423)
	at org.openqa.selenium.remote.ErrorHandler.createThrowable(ErrorHandler.java:216)
	at org.openqa.selenium.remote.ErrorHandler.throwIfResponseFailed(ErrorHandler.java:168)
	at org.openqa.selenium.remote.RemoteWebDriver.execute(RemoteWebDriver.java:635)
	at org.openqa.selenium.remote.RemoteWebElement.execute(RemoteWebElement.java:274)
	at org.openqa.selenium.remote.RemoteWebElement.sendKeys(RemoteWebElement.java:98)
	at automationFramework.PageObjects.SearchPage.enterEmail(SearchPage.java:105)
	at automationFramework.TestCases.SearchTest.searchCustomerCheckDuplicateTestEmail(SearchTest.java:226)
</failure>
    <system-out>Time in Milliseconds: 132169 
Test Case: automationFramework.TestCases.SearchTest 
Time Stamp: 2017-01-03 16:10:30,115 
Code Location: automationFramework.TestCases.SearchTest.tearDown(SearchTest.java:508) 
Log Message: TearDown Complete 
 
Time in Milliseconds: 132169 
Test Case: automationFramework.TestCases.SearchTest 
Time Stamp: 2017-01-03 16:10:30,115 
Code Location: automationFramework.TestCases.SearchTest.tearDown(SearchTest.java:508) 
Log Message: TearDown Complete 
 
Time in Milliseconds: 132169 
Test Case: automationFramework.TestCases.SearchTest 
Time Stamp: 2017-01-03 16:10:30,115 
Code Location: automationFramework.TestCases.SearchTest.tearDown(SearchTest.java:508) 
Log Message: TearDown Complete 
 
Time in Milliseconds: 132169 
Test Case: automationFramework.TestCases.SearchTest 
Time Stamp: 2017-01-03 16:10:30,115 
Code Location: automationFramework.TestCases.SearchTest.tearDown(SearchTest.java:508) 
Log Message: TearDown Complete 
 
Time in Milliseconds: 132169 
Test Case: automationFramework.TestCases.SearchTest 
Time Stamp: 2017-01-03 16:10:30,115 
Code Location: automationFramework.TestCases.SearchTest.tearDown(SearchTest.java:508) 
Log Message: TearDown Complete 
 
Time in Milliseconds: 132169 
Test Case: automationFramework.TestCases.SearchTest 
Time Stamp: 2017-01-03 16:10:30,115 
Code Location: automationFramework.TestCases.SearchTest.tearDown(SearchTest.java:508) 
Log Message: TearDown Complete 
 
Time in Milliseconds: 132169 
Test Case: automationFramework.TestCases.SearchTest 
Time Stamp: 2017-01-03 16:10:30,115 
Code Location: automationFramework.TestCases.SearchTest.tearDown(SearchTest.java:508) 
Log Message: TearDown Complete 
 
Time in Milliseconds: 132169 
Test Case: automationFramework.TestCases.SearchTest 
Time Stamp: 2017-01-03 16:10:30,115 
Code Location: automationFramework.TestCases.SearchTest.tearDown(SearchTest.java:508) 
Log Message: TearDown Complete 
 
Time in Milliseconds: 132169 
Test Case: automationFramework.TestCases.SearchTest 
Time Stamp: 2017-01-03 16:10:30,115 
Code Location: automationFramework.TestCases.SearchTest.tearDown(SearchTest.java:508) 
Log Message: TearDown Complete 
 
2017-01-03 16:10:30,115 INFO  [Logger] TearDown Complete 
Time in Milliseconds: 132995 
Test Case: automationFramework.TestCases.SearchTest 
Time Stamp: 2017-01-03 16:10:30,941 
Code Location: automationFramework.TestCases.SearchTest.setUp(SearchTest.java:37) 
Log Message: Setup Started 
 
Time in Milliseconds: 132995 
Test Case: automationFramework.TestCases.SearchTest 
Time Stamp: 2017-01-03 16:10:30,941 
Code Location: automationFramework.TestCases.SearchTest.setUp(SearchTest.java:37) 
Log Message: Setup Started 
 
Time in Milliseconds: 132995 
Test Case: automationFramework.TestCases.SearchTest 
Time Stamp: 2017-01-03 16:10:30,941 
Code Location: automationFramework.TestCases.SearchTest.setUp(SearchTest.java:37) 
Log Message: Setup Started 
 
Time in Milliseconds: 132995 
Test Case: automationFramework.TestCases.SearchTest 
Time Stamp: 2017-01-03 16:10:30,941 
Code Location: automationFramework.TestCases.SearchTest.setUp(SearchTest.java:37) 
Log Message: Setup Started 
 
Time in Milliseconds: 132995 
Test Case: automationFramework.TestCases.SearchTest 
Time Stamp: 2017-01-03 16:10:30,941 
Code Location: automationFramework.TestCases.SearchTest.setUp(SearchTest.java:37) 
Log Message: Setup Started 
 
Time in Milliseconds: 132995 
Test Case: automationFramework.TestCases.SearchTest 
Time Stamp: 2017-01-03 16:10:30,941 
Code Location: automationFramework.TestCases.SearchTest.setUp(SearchTest.java:37) 
Log Message: Setup Started 
 
Time in Milliseconds: 132995 
Test Case: automationFramework.TestCases.SearchTest 
Time Stamp: 2017-01-03 16:10:30,941 
Code Location: automationFramework.TestCases.SearchTest.setUp(SearchTest.java:37) 
Log Message: Setup Started 
 
Time in Milliseconds: 132995 
Test Case: automationFramework.TestCases.SearchTest 
Time Stamp: 2017-01-03 16:10:30,941 
Code Location: automationFramework.TestCases.SearchTest.setUp(SearchTest.java:37) 
Log Message: Setup Started 
 
Time in Milliseconds: 132995 
Test Case: automationFramework.TestCases.SearchTest 
Time Stamp: 2017-01-03 16:10:30,941 
Code Location: automationFramework.TestCases.SearchTest.setUp(SearchTest.java:37) 
Log Message: Setup Started 
 
Time in Milliseconds: 132995 
Test Case: automationFramework.TestCases.SearchTest 
Time Stamp: 2017-01-03 16:10:30,941 
Code Location: automationFramework.TestCases.SearchTest.setUp(SearchTest.java:37) 
Log Message: Setup Started 
 
2017-01-03 16:10:30,941 INFO  [Logger] Setup Started 
Time in Milliseconds: 133048 
Test Case: automationFramework.TestCases.SearchTest 
Time Stamp: 2017-01-03 16:10:30,994 
Code Location: automationFramework.TestCases.SearchTest.setUp(SearchTest.java:38) 
Log Message: Current OS: Windows 7 Enterprise 
 
Time in Milliseconds: 133048 
Test Case: automationFramework.TestCases.SearchTest 
Time Stamp: 2017-01-03 16:10:30,994 
Code Location: automationFramework.TestCases.SearchTest.setUp(SearchTest.java:38) 
Log Message: Current OS: Windows 7 Enterprise 
 
Time in Milliseconds: 133048 
Test Case: automationFramework.TestCases.SearchTest 
Time Stamp: 2017-01-03 16:10:30,994 
Code Location: automationFramework.TestCases.SearchTest.setUp(SearchTest.java:38) 
Log Message: Current OS: Windows 7 Enterprise 
 
Time in Milliseconds: 133048 
Test Case: automationFramework.TestCases.SearchTest 
Time Stamp: 2017-01-03 16:10:30,994 
Code Location: automationFramework.TestCases.SearchTest.setUp(SearchTest.java:38) 
Log Message: Current OS: Windows 7 Enterprise 
 
Time in Milliseconds: 133048 
Test Case: automationFramework.TestCases.SearchTest 
Time Stamp: 2017-01-03 16:10:30,994 
Code Location: automationFramework.TestCases.SearchTest.setUp(SearchTest.java:38) 
Log Message: Current OS: Windows 7 Enterprise 
 
Time in Milliseconds: 133048 
Test Case: automationFramework.TestCases.SearchTest 
Time Stamp: 2017-01-03 16:10:30,994 
Code Location: automationFramework.TestCases.SearchTest.setUp(SearchTest.java:38) 
Log Message: Current OS: Windows 7 Enterprise 
 
Time in Milliseconds: 133048 
Test Case: automationFramework.TestCases.SearchTest 
Time Stamp: 2017-01-03 16:10:30,994 
Code Location: automationFramework.TestCases.SearchTest.setUp(SearchTest.java:38) 
Log Message: Current OS: Windows 7 Enterprise 
 
Time in Milliseconds: 133048 
Test Case: automationFramework.TestCases.SearchTest 
Time Stamp: 2017-01-03 16:10:30,994 
Code Location: automationFramework.TestCases.SearchTest.setUp(SearchTest.java:38) 
Log Message: Current OS: Windows 7 Enterprise 
 
Time in Milliseconds: 133048 
Test Case: automationFramework.TestCases.SearchTest 
Time Stamp: 2017-01-03 16:10:30,994 
Code Location: automationFramework.TestCases.SearchTest.setUp(SearchTest.java:38) 
Log Message: Current OS: Windows 7 Enterprise 
 
Time in Milliseconds: 133048 
Test Case: automationFramework.TestCases.SearchTest 
Time Stamp: 2017-01-03 16:10:30,994 
Code Location: automationFramework.TestCases.SearchTest.setUp(SearchTest.java:38) 
Log Message: Current OS: Windows 7 Enterprise 
 
2017-01-03 16:10:30,994 INFO  [Logger] Current OS: Windows 7 Enterprise 
Time in Milliseconds: 133050 
Test Case: automationFramework.TestCases.SearchTest 
Time Stamp: 2017-01-03 16:10:30,996 
Code Location: automationFramework.TestCases.SearchTest.setUp(SearchTest.java:39) 
Log Message: Current Browser: chrome.exe 
 
Time in Milliseconds: 133050 
Test Case: automationFramework.TestCases.SearchTest 
Time Stamp: 2017-01-03 16:10:30,996 
Code Location: automationFramework.TestCases.SearchTest.setUp(SearchTest.java:39) 
Log Message: Current Browser: chrome.exe 
 
Time in Milliseconds: 133050 
Test Case: automationFramework.TestCases.SearchTest 
Time Stamp: 2017-01-03 16:10:30,996 
Code Location: automationFramework.TestCases.SearchTest.setUp(SearchTest.java:39) 
Log Message: Current Browser: chrome.exe 
 
Time in Milliseconds: 133050 
Test Case: automationFramework.TestCases.SearchTest 
Time Stamp: 2017-01-03 16:10:30,996 
Code Location: automationFramework.TestCases.SearchTest.setUp(SearchTest.java:39) 
Log Message: Current Browser: chrome.exe 
 
Time in Milliseconds: 133050 
Test Case: automationFramework.TestCases.SearchTest 
Time Stamp: 2017-01-03 16:10:30,996 
Code Location: automationFramework.TestCases.SearchTest.setUp(SearchTest.java:39) 
Log Message: Current Browser: chrome.exe 
 
Time in Milliseconds: 133050 
Test Case: automationFramework.TestCases.SearchTest 
Time Stamp: 2017-01-03 16:10:30,996 
Code Location: automationFramework.TestCases.SearchTest.setUp(SearchTest.java:39) 
Log Message: Current Browser: chrome.exe 
 
Time in Milliseconds: 133050 
Test Case: automationFramework.TestCases.SearchTest 
Time Stamp: 2017-01-03 16:10:30,996 
Code Location: automationFramework.TestCases.SearchTest.setUp(SearchTest.java:39) 
Log Message: Current Browser: chrome.exe 
 
Time in Milliseconds: 133050 
Test Case: automationFramework.TestCases.SearchTest 
Time Stamp: 2017-01-03 16:10:30,996 
Code Location: automationFramework.TestCases.SearchTest.setUp(SearchTest.java:39) 
Log Message: Current Browser: chrome.exe 
 
Time in Milliseconds: 133050 
Test Case: automationFramework.TestCases.SearchTest 
Time Stamp: 2017-01-03 16:10:30,996 
Code Location: automationFramework.TestCases.SearchTest.setUp(SearchTest.java:39) 
Log Message: Current Browser: chrome.exe 
 
Time in Milliseconds: 133050 
Test Case: automationFramework.TestCases.SearchTest 
Time Stamp: 2017-01-03 16:10:30,996 
Code Location: automationFramework.TestCases.SearchTest.setUp(SearchTest.java:39) 
Log Message: Current Browser: chrome.exe 
 
2017-01-03 16:10:30,996 INFO  [Logger] Current Browser: chrome.exe 
Time in Milliseconds: 134175 
Test Case: automationFramework.TestCases.SearchTest 
Time Stamp: 2017-01-03 16:10:32,121 
Code Location: automationFramework.TestCases.SearchTest.setUp(SearchTest.java:42) 
Log Message: Setup Completed 
 
Time in Milliseconds: 134175 
Test Case: automationFramework.TestCases.SearchTest 
Time Stamp: 2017-01-03 16:10:32,121 
Code Location: automationFramework.TestCases.SearchTest.setUp(SearchTest.java:42) 
Log Message: Setup Completed 
 
Time in Milliseconds: 134175 
Test Case: automationFramework.TestCases.SearchTest 
Time Stamp: 2017-01-03 16:10:32,121 
Code Location: automationFramework.TestCases.SearchTest.setUp(SearchTest.java:42) 
Log Message: Setup Completed 
 
Time in Milliseconds: 134175 
Test Case: automationFramework.TestCases.SearchTest 
Time Stamp: 2017-01-03 16:10:32,121 
Code Location: automationFramework.TestCases.SearchTest.setUp(SearchTest.java:42) 
Log Message: Setup Completed 
 
Time in Milliseconds: 134175 
Test Case: automationFramework.TestCases.SearchTest 
Time Stamp: 2017-01-03 16:10:32,121 
Code Location: automationFramework.TestCases.SearchTest.setUp(SearchTest.java:42) 
Log Message: Setup Completed 
 
Time in Milliseconds: 134175 
Test Case: automationFramework.TestCases.SearchTest 
Time Stamp: 2017-01-03 16:10:32,121 
Code Location: automationFramework.TestCases.SearchTest.setUp(SearchTest.java:42) 
Log Message: Setup Completed 
 
Time in Milliseconds: 134175 
Test Case: automationFramework.TestCases.SearchTest 
Time Stamp: 2017-01-03 16:10:32,121 
Code Location: automationFramework.TestCases.SearchTest.setUp(SearchTest.java:42) 
Log Message: Setup Completed 
 
Time in Milliseconds: 134175 
Test Case: automationFramework.TestCases.SearchTest 
Time Stamp: 2017-01-03 16:10:32,121 
Code Location: automationFramework.TestCases.SearchTest.setUp(SearchTest.java:42) 
Log Message: Setup Completed 
 
Time in Milliseconds: 134175 
Test Case: automationFramework.TestCases.SearchTest 
Time Stamp: 2017-01-03 16:10:32,121 
Code Location: automationFramework.TestCases.SearchTest.setUp(SearchTest.java:42) 
Log Message: Setup Completed 
 
Time in Milliseconds: 134175 
Test Case: automationFramework.TestCases.SearchTest 
Time Stamp: 2017-01-03 16:10:32,121 
Code Location: automationFramework.TestCases.SearchTest.setUp(SearchTest.java:42) 
Log Message: Setup Completed 
 
2017-01-03 16:10:32,121 INFO  [Logger] Setup Completed 
</system-out>
    <system-err>Starting ChromeDriver 2.25.426923 (0390b88869384d6eb0d5d09729679f934aab9eed) on port 24123
Only local connections are allowed.
Jan 03, 2017 4:10:31 PM org.openqa.selenium.remote.ProtocolHandshake createSession
INFO: Attempting bi-dialect session, assuming Postel&apos;s Law holds true on the remote end
Jan 03, 2017 4:10:31 PM org.openqa.selenium.remote.ProtocolHandshake createSession
INFO: Detected dialect: OSS
</system-err>
  </testcase>
  <testcase classname="automationFramework.TestCases.SearchTest" name="searchCustomerCheckDuplicateTestEmailPhone" time="9.571">
    <failure message="unknown error: keys should be a string
  (Session info: chrome=55.0.2883.87)
  (Driver info: chromedriver=2.25.426923 (0390b88869384d6eb0d5d09729679f934aab9eed),platform=Windows NT 6.1.7601 SP1 x86_64) (WARNING: The server did not provide any stacktrace information)
Command duration or timeout: 48 milliseconds
Build info: version: &apos;3.0.1&apos;, revision: &apos;1969d75&apos;, time: &apos;2016-10-18 09:49:13 -0700&apos;
System info: host: &apos;NACTS-081729&apos;, ip: &apos;149.63.89.106&apos;, os.name: &apos;Windows 7&apos;, os.arch: &apos;amd64&apos;, os.version: &apos;6.1&apos;, java.version: &apos;1.8.0_77&apos;
Driver info: org.openqa.selenium.chrome.ChromeDriver
Capabilities [{applicationCacheEnabled=false, rotatable=false, mobileEmulationEnabled=false, networkConnectionEnabled=false, chrome={chromedriverVersion=2.25.426923 (0390b88869384d6eb0d5d09729679f934aab9eed), userDataDir=C:\WINDOWS\TEMP\scoped_dir55536_6222}, takesHeapSnapshot=true, pageLoadStrategy=normal, databaseEnabled=false, handlesAlerts=true, hasTouchScreen=false, version=55.0.2883.87, platform=XP, browserConnectionEnabled=false, nativeEvents=true, acceptSslCerts=true, locationContextEnabled=true, webStorageEnabled=true, browserName=chrome, takesScreenshot=true, javascriptEnabled=true, cssSelectorsEnabled=true}]
Session ID: ca16db7f7d0486bf8dc8ee7dbbe27d77" type="org.openqa.selenium.WebDriverException">org.openqa.selenium.WebDriverException: unknown error: keys should be a string
  (Session info: chrome=55.0.2883.87)
  (Driver info: chromedriver=2.25.426923 (0390b88869384d6eb0d5d09729679f934aab9eed),platform=Windows NT 6.1.7601 SP1 x86_64) (WARNING: The server did not provide any stacktrace information)
Command duration or timeout: 48 milliseconds
Build info: version: &apos;3.0.1&apos;, revision: &apos;1969d75&apos;, time: &apos;2016-10-18 09:49:13 -0700&apos;
System info: host: &apos;NACTS-081729&apos;, ip: &apos;149.63.89.106&apos;, os.name: &apos;Windows 7&apos;, os.arch: &apos;amd64&apos;, os.version: &apos;6.1&apos;, java.version: &apos;1.8.0_77&apos;
Driver info: org.openqa.selenium.chrome.ChromeDriver
Capabilities [{applicationCacheEnabled=false, rotatable=false, mobileEmulationEnabled=false, networkConnectionEnabled=false, chrome={chromedriverVersion=2.25.426923 (0390b88869384d6eb0d5d09729679f934aab9eed), userDataDir=C:\WINDOWS\TEMP\scoped_dir55536_6222}, takesHeapSnapshot=true, pageLoadStrategy=normal, databaseEnabled=false, handlesAlerts=true, hasTouchScreen=false, version=55.0.2883.87, platform=XP, browserConnectionEnabled=false, nativeEvents=true, acceptSslCerts=true, locationContextEnabled=true, webStorageEnabled=true, browserName=chrome, takesScreenshot=true, javascriptEnabled=true, cssSelectorsEnabled=true}]
Session ID: ca16db7f7d0486bf8dc8ee7dbbe27d77
	at sun.reflect.NativeConstructorAccessorImpl.newInstance0(Native Method)
	at sun.reflect.NativeConstructorAccessorImpl.newInstance(NativeConstructorAccessorImpl.java:62)
	at sun.reflect.DelegatingConstructorAccessorImpl.newInstance(DelegatingConstructorAccessorImpl.java:45)
	at java.lang.reflect.Constructor.newInstance(Constructor.java:423)
	at org.openqa.selenium.remote.ErrorHandler.createThrowable(ErrorHandler.java:216)
	at org.openqa.selenium.remote.ErrorHandler.throwIfResponseFailed(ErrorHandler.java:168)
	at org.openqa.selenium.remote.RemoteWebDriver.execute(RemoteWebDriver.java:635)
	at org.openqa.selenium.remote.RemoteWebElement.execute(RemoteWebElement.java:274)
	at org.openqa.selenium.remote.RemoteWebElement.sendKeys(RemoteWebElement.java:98)
	at automationFramework.PageObjects.SearchPage.enterEmail(SearchPage.java:105)
	at automationFramework.TestCases.SearchTest.searchCustomerCheckDuplicateTestEmailPhone(SearchTest.java:240)
</failure>
    <system-out>Time in Milliseconds: 142456 
Test Case: automationFramework.TestCases.SearchTest 
Time Stamp: 2017-01-03 16:10:40,402 
Code Location: automationFramework.TestCases.SearchTest.tearDown(SearchTest.java:508) 
Log Message: TearDown Complete 
 
Time in Milliseconds: 142456 
Test Case: automationFramework.TestCases.SearchTest 
Time Stamp: 2017-01-03 16:10:40,402 
Code Location: automationFramework.TestCases.SearchTest.tearDown(SearchTest.java:508) 
Log Message: TearDown Complete 
 
Time in Milliseconds: 142456 
Test Case: automationFramework.TestCases.SearchTest 
Time Stamp: 2017-01-03 16:10:40,402 
Code Location: automationFramework.TestCases.SearchTest.tearDown(SearchTest.java:508) 
Log Message: TearDown Complete 
 
Time in Milliseconds: 142456 
Test Case: automationFramework.TestCases.SearchTest 
Time Stamp: 2017-01-03 16:10:40,402 
Code Location: automationFramework.TestCases.SearchTest.tearDown(SearchTest.java:508) 
Log Message: TearDown Complete 
 
Time in Milliseconds: 142456 
Test Case: automationFramework.TestCases.SearchTest 
Time Stamp: 2017-01-03 16:10:40,402 
Code Location: automationFramework.TestCases.SearchTest.tearDown(SearchTest.java:508) 
Log Message: TearDown Complete 
 
Time in Milliseconds: 142456 
Test Case: automationFramework.TestCases.SearchTest 
Time Stamp: 2017-01-03 16:10:40,402 
Code Location: automationFramework.TestCases.SearchTest.tearDown(SearchTest.java:508) 
Log Message: TearDown Complete 
 
Time in Milliseconds: 142456 
Test Case: automationFramework.TestCases.SearchTest 
Time Stamp: 2017-01-03 16:10:40,402 
Code Location: automationFramework.TestCases.SearchTest.tearDown(SearchTest.java:508) 
Log Message: TearDown Complete 
 
Time in Milliseconds: 142456 
Test Case: automationFramework.TestCases.SearchTest 
Time Stamp: 2017-01-03 16:10:40,402 
Code Location: automationFramework.TestCases.SearchTest.tearDown(SearchTest.java:508) 
Log Message: TearDown Complete 
 
Time in Milliseconds: 142456 
Test Case: automationFramework.TestCases.SearchTest 
Time Stamp: 2017-01-03 16:10:40,402 
Code Location: automationFramework.TestCases.SearchTest.tearDown(SearchTest.java:508) 
Log Message: TearDown Complete 
 
Time in Milliseconds: 142456 
Test Case: automationFramework.TestCases.SearchTest 
Time Stamp: 2017-01-03 16:10:40,402 
Code Location: automationFramework.TestCases.SearchTest.tearDown(SearchTest.java:508) 
Log Message: TearDown Complete 
 
2017-01-03 16:10:40,402 INFO  [Logger] TearDown Complete 
Time in Milliseconds: 143237 
Test Case: automationFramework.TestCases.SearchTest 
Time Stamp: 2017-01-03 16:10:41,183 
Code Location: automationFramework.TestCases.SearchTest.setUp(SearchTest.java:37) 
Log Message: Setup Started 
 
Time in Milliseconds: 143237 
Test Case: automationFramework.TestCases.SearchTest 
Time Stamp: 2017-01-03 16:10:41,183 
Code Location: automationFramework.TestCases.SearchTest.setUp(SearchTest.java:37) 
Log Message: Setup Started 
 
Time in Milliseconds: 143237 
Test Case: automationFramework.TestCases.SearchTest 
Time Stamp: 2017-01-03 16:10:41,183 
Code Location: automationFramework.TestCases.SearchTest.setUp(SearchTest.java:37) 
Log Message: Setup Started 
 
Time in Milliseconds: 143237 
Test Case: automationFramework.TestCases.SearchTest 
Time Stamp: 2017-01-03 16:10:41,183 
Code Location: automationFramework.TestCases.SearchTest.setUp(SearchTest.java:37) 
Log Message: Setup Started 
 
Time in Milliseconds: 143237 
Test Case: automationFramework.TestCases.SearchTest 
Time Stamp: 2017-01-03 16:10:41,183 
Code Location: automationFramework.TestCases.SearchTest.setUp(SearchTest.java:37) 
Log Message: Setup Started 
 
Time in Milliseconds: 143237 
Test Case: automationFramework.TestCases.SearchTest 
Time Stamp: 2017-01-03 16:10:41,183 
Code Location: automationFramework.TestCases.SearchTest.setUp(SearchTest.java:37) 
Log Message: Setup Started 
 
Time in Milliseconds: 143237 
Test Case: automationFramework.TestCases.SearchTest 
Time Stamp: 2017-01-03 16:10:41,183 
Code Location: automationFramework.TestCases.SearchTest.setUp(SearchTest.java:37) 
Log Message: Setup Started 
 
Time in Milliseconds: 143237 
Test Case: automationFramework.TestCases.SearchTest 
Time Stamp: 2017-01-03 16:10:41,183 
Code Location: automationFramework.TestCases.SearchTest.setUp(SearchTest.java:37) 
Log Message: Setup Started 
 
Time in Milliseconds: 143237 
Test Case: automationFramework.TestCases.SearchTest 
Time Stamp: 2017-01-03 16:10:41,183 
Code Location: automationFramework.TestCases.SearchTest.setUp(SearchTest.java:37) 
Log Message: Setup Started 
 
Time in Milliseconds: 143237 
Test Case: automationFramework.TestCases.SearchTest 
Time Stamp: 2017-01-03 16:10:41,183 
Code Location: automationFramework.TestCases.SearchTest.setUp(SearchTest.java:37) 
Log Message: Setup Started 
 
Time in Milliseconds: 143237 
Test Case: automationFramework.TestCases.SearchTest 
Time Stamp: 2017-01-03 16:10:41,183 
Code Location: automationFramework.TestCases.SearchTest.setUp(SearchTest.java:37) 
Log Message: Setup Started 
 
2017-01-03 16:10:41,183 INFO  [Logger] Setup Started 
Time in Milliseconds: 143301 
Test Case: automationFramework.TestCases.SearchTest 
Time Stamp: 2017-01-03 16:10:41,247 
Code Location: automationFramework.TestCases.SearchTest.setUp(SearchTest.java:38) 
Log Message: Current OS: Windows 7 Enterprise 
 
Time in Milliseconds: 143301 
Test Case: automationFramework.TestCases.SearchTest 
Time Stamp: 2017-01-03 16:10:41,247 
Code Location: automationFramework.TestCases.SearchTest.setUp(SearchTest.java:38) 
Log Message: Current OS: Windows 7 Enterprise 
 
Time in Milliseconds: 143301 
Test Case: automationFramework.TestCases.SearchTest 
Time Stamp: 2017-01-03 16:10:41,247 
Code Location: automationFramework.TestCases.SearchTest.setUp(SearchTest.java:38) 
Log Message: Current OS: Windows 7 Enterprise 
 
Time in Milliseconds: 143301 
Test Case: automationFramework.TestCases.SearchTest 
Time Stamp: 2017-01-03 16:10:41,247 
Code Location: automationFramework.TestCases.SearchTest.setUp(SearchTest.java:38) 
Log Message: Current OS: Windows 7 Enterprise 
 
Time in Milliseconds: 143301 
Test Case: automationFramework.TestCases.SearchTest 
Time Stamp: 2017-01-03 16:10:41,247 
Code Location: automationFramework.TestCases.SearchTest.setUp(SearchTest.java:38) 
Log Message: Current OS: Windows 7 Enterprise 
 
Time in Milliseconds: 143301 
Test Case: automationFramework.TestCases.SearchTest 
Time Stamp: 2017-01-03 16:10:41,247 
Code Location: automationFramework.TestCases.SearchTest.setUp(SearchTest.java:38) 
Log Message: Current OS: Windows 7 Enterprise 
 
Time in Milliseconds: 143301 
Test Case: automationFramework.TestCases.SearchTest 
Time Stamp: 2017-01-03 16:10:41,247 
Code Location: automationFramework.TestCases.SearchTest.setUp(SearchTest.java:38) 
Log Message: Current OS: Windows 7 Enterprise 
 
Time in Milliseconds: 143301 
Test Case: automationFramework.TestCases.SearchTest 
Time Stamp: 2017-01-03 16:10:41,247 
Code Location: automationFramework.TestCases.SearchTest.setUp(SearchTest.java:38) 
Log Message: Current OS: Windows 7 Enterprise 
 
Time in Milliseconds: 143301 
Test Case: automationFramework.TestCases.SearchTest 
Time Stamp: 2017-01-03 16:10:41,247 
Code Location: automationFramework.TestCases.SearchTest.setUp(SearchTest.java:38) 
Log Message: Current OS: Windows 7 Enterprise 
 
Time in Milliseconds: 143301 
Test Case: automationFramework.TestCases.SearchTest 
Time Stamp: 2017-01-03 16:10:41,247 
Code Location: automationFramework.TestCases.SearchTest.setUp(SearchTest.java:38) 
Log Message: Current OS: Windows 7 Enterprise 
 
Time in Milliseconds: 143301 
Test Case: automationFramework.TestCases.SearchTest 
Time Stamp: 2017-01-03 16:10:41,247 
Code Location: automationFramework.TestCases.SearchTest.setUp(SearchTest.java:38) 
Log Message: Current OS: Windows 7 Enterprise 
 
2017-01-03 16:10:41,247 INFO  [Logger] Current OS: Windows 7 Enterprise 
Time in Milliseconds: 143302 
Test Case: automationFramework.TestCases.SearchTest 
Time Stamp: 2017-01-03 16:10:41,248 
Code Location: automationFramework.TestCases.SearchTest.setUp(SearchTest.java:39) 
Log Message: Current Browser: chrome.exe 
 
Time in Milliseconds: 143302 
Test Case: automationFramework.TestCases.SearchTest 
Time Stamp: 2017-01-03 16:10:41,248 
Code Location: automationFramework.TestCases.SearchTest.setUp(SearchTest.java:39) 
Log Message: Current Browser: chrome.exe 
 
Time in Milliseconds: 143302 
Test Case: automationFramework.TestCases.SearchTest 
Time Stamp: 2017-01-03 16:10:41,248 
Code Location: automationFramework.TestCases.SearchTest.setUp(SearchTest.java:39) 
Log Message: Current Browser: chrome.exe 
 
Time in Milliseconds: 143302 
Test Case: automationFramework.TestCases.SearchTest 
Time Stamp: 2017-01-03 16:10:41,248 
Code Location: automationFramework.TestCases.SearchTest.setUp(SearchTest.java:39) 
Log Message: Current Browser: chrome.exe 
 
Time in Milliseconds: 143302 
Test Case: automationFramework.TestCases.SearchTest 
Time Stamp: 2017-01-03 16:10:41,248 
Code Location: automationFramework.TestCases.SearchTest.setUp(SearchTest.java:39) 
Log Message: Current Browser: chrome.exe 
 
Time in Milliseconds: 143302 
Test Case: automationFramework.TestCases.SearchTest 
Time Stamp: 2017-01-03 16:10:41,248 
Code Location: automationFramework.TestCases.SearchTest.setUp(SearchTest.java:39) 
Log Message: Current Browser: chrome.exe 
 
Time in Milliseconds: 143302 
Test Case: automationFramework.TestCases.SearchTest 
Time Stamp: 2017-01-03 16:10:41,248 
Code Location: automationFramework.TestCases.SearchTest.setUp(SearchTest.java:39) 
Log Message: Current Browser: chrome.exe 
 
Time in Milliseconds: 143302 
Test Case: automationFramework.TestCases.SearchTest 
Time Stamp: 2017-01-03 16:10:41,248 
Code Location: automationFramework.TestCases.SearchTest.setUp(SearchTest.java:39) 
Log Message: Current Browser: chrome.exe 
 
Time in Milliseconds: 143302 
Test Case: automationFramework.TestCases.SearchTest 
Time Stamp: 2017-01-03 16:10:41,248 
Code Location: automationFramework.TestCases.SearchTest.setUp(SearchTest.java:39) 
Log Message: Current Browser: chrome.exe 
 
Time in Milliseconds: 143302 
Test Case: automationFramework.TestCases.SearchTest 
Time Stamp: 2017-01-03 16:10:41,248 
Code Location: automationFramework.TestCases.SearchTest.setUp(SearchTest.java:39) 
Log Message: Current Browser: chrome.exe 
 
Time in Milliseconds: 143302 
Test Case: automationFramework.TestCases.SearchTest 
Time Stamp: 2017-01-03 16:10:41,248 
Code Location: automationFramework.TestCases.SearchTest.setUp(SearchTest.java:39) 
Log Message: Current Browser: chrome.exe 
 
2017-01-03 16:10:41,248 INFO  [Logger] Current Browser: chrome.exe 
Time in Milliseconds: 144802 
Test Case: automationFramework.TestCases.SearchTest 
Time Stamp: 2017-01-03 16:10:42,748 
Code Location: automationFramework.TestCases.SearchTest.setUp(SearchTest.java:42) 
Log Message: Setup Completed 
 
Time in Milliseconds: 144802 
Test Case: automationFramework.TestCases.SearchTest 
Time Stamp: 2017-01-03 16:10:42,748 
Code Location: automationFramework.TestCases.SearchTest.setUp(SearchTest.java:42) 
Log Message: Setup Completed 
 
Time in Milliseconds: 144802 
Test Case: automationFramework.TestCases.SearchTest 
Time Stamp: 2017-01-03 16:10:42,748 
Code Location: automationFramework.TestCases.SearchTest.setUp(SearchTest.java:42) 
Log Message: Setup Completed 
 
Time in Milliseconds: 144802 
Test Case: automationFramework.TestCases.SearchTest 
Time Stamp: 2017-01-03 16:10:42,748 
Code Location: automationFramework.TestCases.SearchTest.setUp(SearchTest.java:42) 
Log Message: Setup Completed 
 
Time in Milliseconds: 144802 
Test Case: automationFramework.TestCases.SearchTest 
Time Stamp: 2017-01-03 16:10:42,748 
Code Location: automationFramework.TestCases.SearchTest.setUp(SearchTest.java:42) 
Log Message: Setup Completed 
 
Time in Milliseconds: 144802 
Test Case: automationFramework.TestCases.SearchTest 
Time Stamp: 2017-01-03 16:10:42,748 
Code Location: automationFramework.TestCases.SearchTest.setUp(SearchTest.java:42) 
Log Message: Setup Completed 
 
Time in Milliseconds: 144802 
Test Case: automationFramework.TestCases.SearchTest 
Time Stamp: 2017-01-03 16:10:42,748 
Code Location: automationFramework.TestCases.SearchTest.setUp(SearchTest.java:42) 
Log Message: Setup Completed 
 
Time in Milliseconds: 144802 
Test Case: automationFramework.TestCases.SearchTest 
Time Stamp: 2017-01-03 16:10:42,748 
Code Location: automationFramework.TestCases.SearchTest.setUp(SearchTest.java:42) 
Log Message: Setup Completed 
 
Time in Milliseconds: 144802 
Test Case: automationFramework.TestCases.SearchTest 
Time Stamp: 2017-01-03 16:10:42,748 
Code Location: automationFramework.TestCases.SearchTest.setUp(SearchTest.java:42) 
Log Message: Setup Completed 
 
Time in Milliseconds: 144802 
Test Case: automationFramework.TestCases.SearchTest 
Time Stamp: 2017-01-03 16:10:42,748 
Code Location: automationFramework.TestCases.SearchTest.setUp(SearchTest.java:42) 
Log Message: Setup Completed 
 
Time in Milliseconds: 144802 
Test Case: automationFramework.TestCases.SearchTest 
Time Stamp: 2017-01-03 16:10:42,748 
Code Location: automationFramework.TestCases.SearchTest.setUp(SearchTest.java:42) 
Log Message: Setup Completed 
 
2017-01-03 16:10:42,748 INFO  [Logger] Setup Completed 
</system-out>
    <system-err>Starting ChromeDriver 2.25.426923 (0390b88869384d6eb0d5d09729679f934aab9eed) on port 28255
Only local connections are allowed.
Jan 03, 2017 4:10:41 PM org.openqa.selenium.remote.ProtocolHandshake createSession
INFO: Attempting bi-dialect session, assuming Postel&apos;s Law holds true on the remote end
Jan 03, 2017 4:10:42 PM org.openqa.selenium.remote.ProtocolHandshake createSession
INFO: Detected dialect: OSS
</system-err>
  </testcase>
  <testcase classname="automationFramework.TestCases.SearchTest" name="searchCustomerCheckDuplicateTestAll" time="9.547">
    <failure message="unknown error: keys should be a string
  (Session info: chrome=55.0.2883.87)
  (Driver info: chromedriver=2.25.426923 (0390b88869384d6eb0d5d09729679f934aab9eed),platform=Windows NT 6.1.7601 SP1 x86_64) (WARNING: The server did not provide any stacktrace information)
Command duration or timeout: 34 milliseconds
Build info: version: &apos;3.0.1&apos;, revision: &apos;1969d75&apos;, time: &apos;2016-10-18 09:49:13 -0700&apos;
System info: host: &apos;NACTS-081729&apos;, ip: &apos;149.63.89.106&apos;, os.name: &apos;Windows 7&apos;, os.arch: &apos;amd64&apos;, os.version: &apos;6.1&apos;, java.version: &apos;1.8.0_77&apos;
Driver info: org.openqa.selenium.chrome.ChromeDriver
Capabilities [{applicationCacheEnabled=false, rotatable=false, mobileEmulationEnabled=false, networkConnectionEnabled=false, chrome={chromedriverVersion=2.25.426923 (0390b88869384d6eb0d5d09729679f934aab9eed), userDataDir=C:\WINDOWS\TEMP\scoped_dir64976_18560}, takesHeapSnapshot=true, pageLoadStrategy=normal, databaseEnabled=false, handlesAlerts=true, hasTouchScreen=false, version=55.0.2883.87, platform=XP, browserConnectionEnabled=false, nativeEvents=true, acceptSslCerts=true, locationContextEnabled=true, webStorageEnabled=true, browserName=chrome, takesScreenshot=true, javascriptEnabled=true, cssSelectorsEnabled=true}]
Session ID: 1f1e40ef54427eec24d7a6a4968940a4" type="org.openqa.selenium.WebDriverException">org.openqa.selenium.WebDriverException: unknown error: keys should be a string
  (Session info: chrome=55.0.2883.87)
  (Driver info: chromedriver=2.25.426923 (0390b88869384d6eb0d5d09729679f934aab9eed),platform=Windows NT 6.1.7601 SP1 x86_64) (WARNING: The server did not provide any stacktrace information)
Command duration or timeout: 34 milliseconds
Build info: version: &apos;3.0.1&apos;, revision: &apos;1969d75&apos;, time: &apos;2016-10-18 09:49:13 -0700&apos;
System info: host: &apos;NACTS-081729&apos;, ip: &apos;149.63.89.106&apos;, os.name: &apos;Windows 7&apos;, os.arch: &apos;amd64&apos;, os.version: &apos;6.1&apos;, java.version: &apos;1.8.0_77&apos;
Driver info: org.openqa.selenium.chrome.ChromeDriver
Capabilities [{applicationCacheEnabled=false, rotatable=false, mobileEmulationEnabled=false, networkConnectionEnabled=false, chrome={chromedriverVersion=2.25.426923 (0390b88869384d6eb0d5d09729679f934aab9eed), userDataDir=C:\WINDOWS\TEMP\scoped_dir64976_18560}, takesHeapSnapshot=true, pageLoadStrategy=normal, databaseEnabled=false, handlesAlerts=true, hasTouchScreen=false, version=55.0.2883.87, platform=XP, browserConnectionEnabled=false, nativeEvents=true, acceptSslCerts=true, locationContextEnabled=true, webStorageEnabled=true, browserName=chrome, takesScreenshot=true, javascriptEnabled=true, cssSelectorsEnabled=true}]
Session ID: 1f1e40ef54427eec24d7a6a4968940a4
	at sun.reflect.NativeConstructorAccessorImpl.newInstance0(Native Method)
	at sun.reflect.NativeConstructorAccessorImpl.newInstance(NativeConstructorAccessorImpl.java:62)
	at sun.reflect.DelegatingConstructorAccessorImpl.newInstance(DelegatingConstructorAccessorImpl.java:45)
	at java.lang.reflect.Constructor.newInstance(Constructor.java:423)
	at org.openqa.selenium.remote.ErrorHandler.createThrowable(ErrorHandler.java:216)
	at org.openqa.selenium.remote.ErrorHandler.throwIfResponseFailed(ErrorHandler.java:168)
	at org.openqa.selenium.remote.RemoteWebDriver.execute(RemoteWebDriver.java:635)
	at org.openqa.selenium.remote.RemoteWebElement.execute(RemoteWebElement.java:274)
	at org.openqa.selenium.remote.RemoteWebElement.sendKeys(RemoteWebElement.java:98)
	at automationFramework.PageObjects.SearchPage.enterEmail(SearchPage.java:105)
	at automationFramework.TestCases.SearchTest.searchCustomerCheckDuplicateTestAll(SearchTest.java:258)
</failure>
    <system-out>Time in Milliseconds: 154375 
Test Case: automationFramework.TestCases.SearchTest 
Time Stamp: 2017-01-03 16:10:52,321 
Code Location: automationFramework.TestCases.SearchTest.tearDown(SearchTest.java:508) 
Log Message: TearDown Complete 
 
Time in Milliseconds: 154375 
Test Case: automationFramework.TestCases.SearchTest 
Time Stamp: 2017-01-03 16:10:52,321 
Code Location: automationFramework.TestCases.SearchTest.tearDown(SearchTest.java:508) 
Log Message: TearDown Complete 
 
Time in Milliseconds: 154375 
Test Case: automationFramework.TestCases.SearchTest 
Time Stamp: 2017-01-03 16:10:52,321 
Code Location: automationFramework.TestCases.SearchTest.tearDown(SearchTest.java:508) 
Log Message: TearDown Complete 
 
Time in Milliseconds: 154375 
Test Case: automationFramework.TestCases.SearchTest 
Time Stamp: 2017-01-03 16:10:52,321 
Code Location: automationFramework.TestCases.SearchTest.tearDown(SearchTest.java:508) 
Log Message: TearDown Complete 
 
Time in Milliseconds: 154375 
Test Case: automationFramework.TestCases.SearchTest 
Time Stamp: 2017-01-03 16:10:52,321 
Code Location: automationFramework.TestCases.SearchTest.tearDown(SearchTest.java:508) 
Log Message: TearDown Complete 
 
Time in Milliseconds: 154375 
Test Case: automationFramework.TestCases.SearchTest 
Time Stamp: 2017-01-03 16:10:52,321 
Code Location: automationFramework.TestCases.SearchTest.tearDown(SearchTest.java:508) 
Log Message: TearDown Complete 
 
Time in Milliseconds: 154375 
Test Case: automationFramework.TestCases.SearchTest 
Time Stamp: 2017-01-03 16:10:52,321 
Code Location: automationFramework.TestCases.SearchTest.tearDown(SearchTest.java:508) 
Log Message: TearDown Complete 
 
Time in Milliseconds: 154375 
Test Case: automationFramework.TestCases.SearchTest 
Time Stamp: 2017-01-03 16:10:52,321 
Code Location: automationFramework.TestCases.SearchTest.tearDown(SearchTest.java:508) 
Log Message: TearDown Complete 
 
Time in Milliseconds: 154375 
Test Case: automationFramework.TestCases.SearchTest 
Time Stamp: 2017-01-03 16:10:52,321 
Code Location: automationFramework.TestCases.SearchTest.tearDown(SearchTest.java:508) 
Log Message: TearDown Complete 
 
Time in Milliseconds: 154375 
Test Case: automationFramework.TestCases.SearchTest 
Time Stamp: 2017-01-03 16:10:52,321 
Code Location: automationFramework.TestCases.SearchTest.tearDown(SearchTest.java:508) 
Log Message: TearDown Complete 
 
Time in Milliseconds: 154375 
Test Case: automationFramework.TestCases.SearchTest 
Time Stamp: 2017-01-03 16:10:52,321 
Code Location: automationFramework.TestCases.SearchTest.tearDown(SearchTest.java:508) 
Log Message: TearDown Complete 
 
2017-01-03 16:10:52,321 INFO  [Logger] TearDown Complete 
Time in Milliseconds: 155609 
Test Case: automationFramework.TestCases.SearchTest 
Time Stamp: 2017-01-03 16:10:53,555 
Code Location: automationFramework.TestCases.SearchTest.setUp(SearchTest.java:37) 
Log Message: Setup Started 
 
Time in Milliseconds: 155609 
Test Case: automationFramework.TestCases.SearchTest 
Time Stamp: 2017-01-03 16:10:53,555 
Code Location: automationFramework.TestCases.SearchTest.setUp(SearchTest.java:37) 
Log Message: Setup Started 
 
Time in Milliseconds: 155609 
Test Case: automationFramework.TestCases.SearchTest 
Time Stamp: 2017-01-03 16:10:53,555 
Code Location: automationFramework.TestCases.SearchTest.setUp(SearchTest.java:37) 
Log Message: Setup Started 
 
Time in Milliseconds: 155609 
Test Case: automationFramework.TestCases.SearchTest 
Time Stamp: 2017-01-03 16:10:53,555 
Code Location: automationFramework.TestCases.SearchTest.setUp(SearchTest.java:37) 
Log Message: Setup Started 
 
Time in Milliseconds: 155609 
Test Case: automationFramework.TestCases.SearchTest 
Time Stamp: 2017-01-03 16:10:53,555 
Code Location: automationFramework.TestCases.SearchTest.setUp(SearchTest.java:37) 
Log Message: Setup Started 
 
Time in Milliseconds: 155609 
Test Case: automationFramework.TestCases.SearchTest 
Time Stamp: 2017-01-03 16:10:53,555 
Code Location: automationFramework.TestCases.SearchTest.setUp(SearchTest.java:37) 
Log Message: Setup Started 
 
Time in Milliseconds: 155609 
Test Case: automationFramework.TestCases.SearchTest 
Time Stamp: 2017-01-03 16:10:53,555 
Code Location: automationFramework.TestCases.SearchTest.setUp(SearchTest.java:37) 
Log Message: Setup Started 
 
Time in Milliseconds: 155609 
Test Case: automationFramework.TestCases.SearchTest 
Time Stamp: 2017-01-03 16:10:53,555 
Code Location: automationFramework.TestCases.SearchTest.setUp(SearchTest.java:37) 
Log Message: Setup Started 
 
Time in Milliseconds: 155609 
Test Case: automationFramework.TestCases.SearchTest 
Time Stamp: 2017-01-03 16:10:53,555 
Code Location: automationFramework.TestCases.SearchTest.setUp(SearchTest.java:37) 
Log Message: Setup Started 
 
Time in Milliseconds: 155609 
Test Case: automationFramework.TestCases.SearchTest 
Time Stamp: 2017-01-03 16:10:53,555 
Code Location: automationFramework.TestCases.SearchTest.setUp(SearchTest.java:37) 
Log Message: Setup Started 
 
Time in Milliseconds: 155609 
Test Case: automationFramework.TestCases.SearchTest 
Time Stamp: 2017-01-03 16:10:53,555 
Code Location: automationFramework.TestCases.SearchTest.setUp(SearchTest.java:37) 
Log Message: Setup Started 
 
Time in Milliseconds: 155609 
Test Case: automationFramework.TestCases.SearchTest 
Time Stamp: 2017-01-03 16:10:53,555 
Code Location: automationFramework.TestCases.SearchTest.setUp(SearchTest.java:37) 
Log Message: Setup Started 
 
2017-01-03 16:10:53,555 INFO  [Logger] Setup Started 
Time in Milliseconds: 155664 
Test Case: automationFramework.TestCases.SearchTest 
Time Stamp: 2017-01-03 16:10:53,610 
Code Location: automationFramework.TestCases.SearchTest.setUp(SearchTest.java:38) 
Log Message: Current OS: Windows 7 Enterprise 
 
Time in Milliseconds: 155664 
Test Case: automationFramework.TestCases.SearchTest 
Time Stamp: 2017-01-03 16:10:53,610 
Code Location: automationFramework.TestCases.SearchTest.setUp(SearchTest.java:38) 
Log Message: Current OS: Windows 7 Enterprise 
 
Time in Milliseconds: 155664 
Test Case: automationFramework.TestCases.SearchTest 
Time Stamp: 2017-01-03 16:10:53,610 
Code Location: automationFramework.TestCases.SearchTest.setUp(SearchTest.java:38) 
Log Message: Current OS: Windows 7 Enterprise 
 
Time in Milliseconds: 155664 
Test Case: automationFramework.TestCases.SearchTest 
Time Stamp: 2017-01-03 16:10:53,610 
Code Location: automationFramework.TestCases.SearchTest.setUp(SearchTest.java:38) 
Log Message: Current OS: Windows 7 Enterprise 
 
Time in Milliseconds: 155664 
Test Case: automationFramework.TestCases.SearchTest 
Time Stamp: 2017-01-03 16:10:53,610 
Code Location: automationFramework.TestCases.SearchTest.setUp(SearchTest.java:38) 
Log Message: Current OS: Windows 7 Enterprise 
 
Time in Milliseconds: 155664 
Test Case: automationFramework.TestCases.SearchTest 
Time Stamp: 2017-01-03 16:10:53,610 
Code Location: automationFramework.TestCases.SearchTest.setUp(SearchTest.java:38) 
Log Message: Current OS: Windows 7 Enterprise 
 
Time in Milliseconds: 155664 
Test Case: automationFramework.TestCases.SearchTest 
Time Stamp: 2017-01-03 16:10:53,610 
Code Location: automationFramework.TestCases.SearchTest.setUp(SearchTest.java:38) 
Log Message: Current OS: Windows 7 Enterprise 
 
Time in Milliseconds: 155664 
Test Case: automationFramework.TestCases.SearchTest 
Time Stamp: 2017-01-03 16:10:53,610 
Code Location: automationFramework.TestCases.SearchTest.setUp(SearchTest.java:38) 
Log Message: Current OS: Windows 7 Enterprise 
 
Time in Milliseconds: 155664 
Test Case: automationFramework.TestCases.SearchTest 
Time Stamp: 2017-01-03 16:10:53,610 
Code Location: automationFramework.TestCases.SearchTest.setUp(SearchTest.java:38) 
Log Message: Current OS: Windows 7 Enterprise 
 
Time in Milliseconds: 155664 
Test Case: automationFramework.TestCases.SearchTest 
Time Stamp: 2017-01-03 16:10:53,610 
Code Location: automationFramework.TestCases.SearchTest.setUp(SearchTest.java:38) 
Log Message: Current OS: Windows 7 Enterprise 
 
Time in Milliseconds: 155664 
Test Case: automationFramework.TestCases.SearchTest 
Time Stamp: 2017-01-03 16:10:53,610 
Code Location: automationFramework.TestCases.SearchTest.setUp(SearchTest.java:38) 
Log Message: Current OS: Windows 7 Enterprise 
 
Time in Milliseconds: 155664 
Test Case: automationFramework.TestCases.SearchTest 
Time Stamp: 2017-01-03 16:10:53,610 
Code Location: automationFramework.TestCases.SearchTest.setUp(SearchTest.java:38) 
Log Message: Current OS: Windows 7 Enterprise 
 
2017-01-03 16:10:53,610 INFO  [Logger] Current OS: Windows 7 Enterprise 
Time in Milliseconds: 155665 
Test Case: automationFramework.TestCases.SearchTest 
Time Stamp: 2017-01-03 16:10:53,611 
Code Location: automationFramework.TestCases.SearchTest.setUp(SearchTest.java:39) 
Log Message: Current Browser: chrome.exe 
 
Time in Milliseconds: 155665 
Test Case: automationFramework.TestCases.SearchTest 
Time Stamp: 2017-01-03 16:10:53,611 
Code Location: automationFramework.TestCases.SearchTest.setUp(SearchTest.java:39) 
Log Message: Current Browser: chrome.exe 
 
Time in Milliseconds: 155665 
Test Case: automationFramework.TestCases.SearchTest 
Time Stamp: 2017-01-03 16:10:53,611 
Code Location: automationFramework.TestCases.SearchTest.setUp(SearchTest.java:39) 
Log Message: Current Browser: chrome.exe 
 
Time in Milliseconds: 155665 
Test Case: automationFramework.TestCases.SearchTest 
Time Stamp: 2017-01-03 16:10:53,611 
Code Location: automationFramework.TestCases.SearchTest.setUp(SearchTest.java:39) 
Log Message: Current Browser: chrome.exe 
 
Time in Milliseconds: 155665 
Test Case: automationFramework.TestCases.SearchTest 
Time Stamp: 2017-01-03 16:10:53,611 
Code Location: automationFramework.TestCases.SearchTest.setUp(SearchTest.java:39) 
Log Message: Current Browser: chrome.exe 
 
Time in Milliseconds: 155665 
Test Case: automationFramework.TestCases.SearchTest 
Time Stamp: 2017-01-03 16:10:53,611 
Code Location: automationFramework.TestCases.SearchTest.setUp(SearchTest.java:39) 
Log Message: Current Browser: chrome.exe 
 
Time in Milliseconds: 155665 
Test Case: automationFramework.TestCases.SearchTest 
Time Stamp: 2017-01-03 16:10:53,611 
Code Location: automationFramework.TestCases.SearchTest.setUp(SearchTest.java:39) 
Log Message: Current Browser: chrome.exe 
 
Time in Milliseconds: 155665 
Test Case: automationFramework.TestCases.SearchTest 
Time Stamp: 2017-01-03 16:10:53,611 
Code Location: automationFramework.TestCases.SearchTest.setUp(SearchTest.java:39) 
Log Message: Current Browser: chrome.exe 
 
Time in Milliseconds: 155665 
Test Case: automationFramework.TestCases.SearchTest 
Time Stamp: 2017-01-03 16:10:53,611 
Code Location: automationFramework.TestCases.SearchTest.setUp(SearchTest.java:39) 
Log Message: Current Browser: chrome.exe 
 
Time in Milliseconds: 155665 
Test Case: automationFramework.TestCases.SearchTest 
Time Stamp: 2017-01-03 16:10:53,611 
Code Location: automationFramework.TestCases.SearchTest.setUp(SearchTest.java:39) 
Log Message: Current Browser: chrome.exe 
 
Time in Milliseconds: 155665 
Test Case: automationFramework.TestCases.SearchTest 
Time Stamp: 2017-01-03 16:10:53,611 
Code Location: automationFramework.TestCases.SearchTest.setUp(SearchTest.java:39) 
Log Message: Current Browser: chrome.exe 
 
Time in Milliseconds: 155665 
Test Case: automationFramework.TestCases.SearchTest 
Time Stamp: 2017-01-03 16:10:53,611 
Code Location: automationFramework.TestCases.SearchTest.setUp(SearchTest.java:39) 
Log Message: Current Browser: chrome.exe 
 
2017-01-03 16:10:53,611 INFO  [Logger] Current Browser: chrome.exe 
Time in Milliseconds: 156992 
Test Case: automationFramework.TestCases.SearchTest 
Time Stamp: 2017-01-03 16:10:54,938 
Code Location: automationFramework.TestCases.SearchTest.setUp(SearchTest.java:42) 
Log Message: Setup Completed 
 
Time in Milliseconds: 156992 
Test Case: automationFramework.TestCases.SearchTest 
Time Stamp: 2017-01-03 16:10:54,938 
Code Location: automationFramework.TestCases.SearchTest.setUp(SearchTest.java:42) 
Log Message: Setup Completed 
 
Time in Milliseconds: 156992 
Test Case: automationFramework.TestCases.SearchTest 
Time Stamp: 2017-01-03 16:10:54,938 
Code Location: automationFramework.TestCases.SearchTest.setUp(SearchTest.java:42) 
Log Message: Setup Completed 
 
Time in Milliseconds: 156992 
Test Case: automationFramework.TestCases.SearchTest 
Time Stamp: 2017-01-03 16:10:54,938 
Code Location: automationFramework.TestCases.SearchTest.setUp(SearchTest.java:42) 
[...]
Log Message: TearDown Complete 
 
Time in Milliseconds: 582751 
Test Case: automationFramework.TestCases.SearchTest 
Time Stamp: 2017-01-03 16:18:00,697 
Code Location: automationFramework.TestCases.SearchTest.tearDown(SearchTest.java:508) 
Log Message: TearDown Complete 
 
Time in Milliseconds: 582751 
Test Case: automationFramework.TestCases.SearchTest 
Time Stamp: 2017-01-03 16:18:00,697 
Code Location: automationFramework.TestCases.SearchTest.tearDown(SearchTest.java:508) 
Log Message: TearDown Complete 
 
Time in Milliseconds: 582751 
Test Case: automationFramework.TestCases.SearchTest 
Time Stamp: 2017-01-03 16:18:00,697 
Code Location: automationFramework.TestCases.SearchTest.tearDown(SearchTest.java:508) 
Log Message: TearDown Complete 
 
Time in Milliseconds: 582751 
Test Case: automationFramework.TestCases.SearchTest 
Time Stamp: 2017-01-03 16:18:00,697 
Code Location: automationFramework.TestCases.SearchTest.tearDown(SearchTest.java:508) 
Log Message: TearDown Complete 
 
Time in Milliseconds: 582751 
Test Case: automationFramework.TestCases.SearchTest 
Time Stamp: 2017-01-03 16:18:00,697 
Code Location: automationFramework.TestCases.SearchTest.tearDown(SearchTest.java:508) 
Log Message: TearDown Complete 
 
Time in Milliseconds: 582751 
Test Case: automationFramework.TestCases.SearchTest 
Time Stamp: 2017-01-03 16:18:00,697 
Code Location: automationFramework.TestCases.SearchTest.tearDown(SearchTest.java:508) 
Log Message: TearDown Complete 
 
Time in Milliseconds: 582751 
Test Case: automationFramework.TestCases.SearchTest 
Time Stamp: 2017-01-03 16:18:00,697 
Code Location: automationFramework.TestCases.SearchTest.tearDown(SearchTest.java:508) 
Log Message: TearDown Complete 
 
2017-01-03 16:18:00,697 INFO  [Logger] TearDown Complete 
Time in Milliseconds: 583620 
Test Case: automationFramework.TestCases.SearchTest 
Time Stamp: 2017-01-03 16:18:01,566 
Code Location: automationFramework.TestCases.SearchTest.setUp(SearchTest.java:37) 
Log Message: Setup Started 
 
Time in Milliseconds: 583620 
Test Case: automationFramework.TestCases.SearchTest 
Time Stamp: 2017-01-03 16:18:01,566 
Code Location: automationFramework.TestCases.SearchTest.setUp(SearchTest.java:37) 
Log Message: Setup Started 
 
Time in Milliseconds: 583620 
Test Case: automationFramework.TestCases.SearchTest 
Time Stamp: 2017-01-03 16:18:01,566 
Code Location: automationFramework.TestCases.SearchTest.setUp(SearchTest.java:37) 
Log Message: Setup Started 
 
Time in Milliseconds: 583620 
Test Case: automationFramework.TestCases.SearchTest 
Time Stamp: 2017-01-03 16:18:01,566 
Code Location: automationFramework.TestCases.SearchTest.setUp(SearchTest.java:37) 
Log Message: Setup Started 
 
Time in Milliseconds: 583620 
Test Case: automationFramework.TestCases.SearchTest 
Time Stamp: 2017-01-03 16:18:01,566 
Code Location: automationFramework.TestCases.SearchTest.setUp(SearchTest.java:37) 
Log Message: Setup Started 
 
Time in Milliseconds: 583620 
Test Case: automationFramework.TestCases.SearchTest 
Time Stamp: 2017-01-03 16:18:01,566 
Code Location: automationFramework.TestCases.SearchTest.setUp(SearchTest.java:37) 
Log Message: Setup Started 
 
Time in Milliseconds: 583620 
Test Case: automationFramework.TestCases.SearchTest 
Time Stamp: 2017-01-03 16:18:01,566 
Code Location: automationFramework.TestCases.SearchTest.setUp(SearchTest.java:37) 
Log Message: Setup Started 
 
Time in Milliseconds: 583620 
Test Case: automationFramework.TestCases.SearchTest 
Time Stamp: 2017-01-03 16:18:01,566 
Code Location: automationFramework.TestCases.SearchTest.setUp(SearchTest.java:37) 
Log Message: Setup Started 
 
Time in Milliseconds: 583620 
Test Case: automationFramework.TestCases.SearchTest 
Time Stamp: 2017-01-03 16:18:01,566 
Code Location: automationFramework.TestCases.SearchTest.setUp(SearchTest.java:37) 
Log Message: Setup Started 
 
Time in Milliseconds: 583620 
Test Case: automationFramework.TestCases.SearchTest 
Time Stamp: 2017-01-03 16:18:01,566 
Code Location: automationFramework.TestCases.SearchTest.setUp(SearchTest.java:37) 
Log Message: Setup Started 
 
Time in Milliseconds: 583620 
Test Case: automationFramework.TestCases.SearchTest 
Time Stamp: 2017-01-03 16:18:01,566 
Code Location: automationFramework.TestCases.SearchTest.setUp(SearchTest.java:37) 
Log Message: Setup Started 
 
Time in Milliseconds: 583620 
Test Case: automationFramework.TestCases.SearchTest 
Time Stamp: 2017-01-03 16:18:01,566 
Code Location: automationFramework.TestCases.SearchTest.setUp(SearchTest.java:37) 
Log Message: Setup Started 
 
Time in Milliseconds: 583620 
Test Case: automationFramework.TestCases.SearchTest 
Time Stamp: 2017-01-03 16:18:01,566 
Code Location: automationFramework.TestCases.SearchTest.setUp(SearchTest.java:37) 
Log Message: Setup Started 
 
Time in Milliseconds: 583620 
Test Case: automationFramework.TestCases.SearchTest 
Time Stamp: 2017-01-03 16:18:01,566 
Code Location: automationFramework.TestCases.SearchTest.setUp(SearchTest.java:37) 
Log Message: Setup Started 
 
Time in Milliseconds: 583620 
Test Case: automationFramework.TestCases.SearchTest 
Time Stamp: 2017-01-03 16:18:01,566 
Code Location: automationFramework.TestCases.SearchTest.setUp(SearchTest.java:37) 
Log Message: Setup Started 
 
Time in Milliseconds: 583620 
Test Case: automationFramework.TestCases.SearchTest 
Time Stamp: 2017-01-03 16:18:01,566 
Code Location: automationFramework.TestCases.SearchTest.setUp(SearchTest.java:37) 
Log Message: Setup Started 
 
Time in Milliseconds: 583620 
Test Case: automationFramework.TestCases.SearchTest 
Time Stamp: 2017-01-03 16:18:01,566 
Code Location: automationFramework.TestCases.SearchTest.setUp(SearchTest.java:37) 
Log Message: Setup Started 
 
Time in Milliseconds: 583620 
Test Case: automationFramework.TestCases.SearchTest 
Time Stamp: 2017-01-03 16:18:01,566 
Code Location: automationFramework.TestCases.SearchTest.setUp(SearchTest.java:37) 
Log Message: Setup Started 
 
2017-01-03 16:18:01,566 INFO  [Logger] Setup Started 
Time in Milliseconds: 583672 
Test Case: automationFramework.TestCases.SearchTest 
Time Stamp: 2017-01-03 16:18:01,618 
Code Location: automationFramework.TestCases.SearchTest.setUp(SearchTest.java:38) 
Log Message: Current OS: Windows 7 Enterprise 
 
Time in Milliseconds: 583672 
Test Case: automationFramework.TestCases.SearchTest 
Time Stamp: 2017-01-03 16:18:01,618 
Code Location: automationFramework.TestCases.SearchTest.setUp(SearchTest.java:38) 
Log Message: Current OS: Windows 7 Enterprise 
 
Time in Milliseconds: 583672 
Test Case: automationFramework.TestCases.SearchTest 
Time Stamp: 2017-01-03 16:18:01,618 
Code Location: automationFramework.TestCases.SearchTest.setUp(SearchTest.java:38) 
Log Message: Current OS: Windows 7 Enterprise 
 
Time in Milliseconds: 583672 
Test Case: automationFramework.TestCases.SearchTest 
Time Stamp: 2017-01-03 16:18:01,618 
Code Location: automationFramework.TestCases.SearchTest.setUp(SearchTest.java:38) 
Log Message: Current OS: Windows 7 Enterprise 
 
Time in Milliseconds: 583672 
Test Case: automationFramework.TestCases.SearchTest 
Time Stamp: 2017-01-03 16:18:01,618 
Code Location: automationFramework.TestCases.SearchTest.setUp(SearchTest.java:38) 
Log Message: Current OS: Windows 7 Enterprise 
 
Time in Milliseconds: 583672 
Test Case: automationFramework.TestCases.SearchTest 
Time Stamp: 2017-01-03 16:18:01,618 
Code Location: automationFramework.TestCases.SearchTest.setUp(SearchTest.java:38) 
Log Message: Current OS: Windows 7 Enterprise 
 
Time in Milliseconds: 583672 
Test Case: automationFramework.TestCases.SearchTest 
Time Stamp: 2017-01-03 16:18:01,618 
Code Location: automationFramework.TestCases.SearchTest.setUp(SearchTest.java:38) 
Log Message: Current OS: Windows 7 Enterprise 
 
Time in Milliseconds: 583672 
Test Case: automationFramework.TestCases.SearchTest 
Time Stamp: 2017-01-03 16:18:01,618 
Code Location: automationFramework.TestCases.SearchTest.setUp(SearchTest.java:38) 
Log Message: Current OS: Windows 7 Enterprise 
 
Time in Milliseconds: 583672 
Test Case: automationFramework.TestCases.SearchTest 
Time Stamp: 2017-01-03 16:18:01,618 
Code Location: automationFramework.TestCases.SearchTest.setUp(SearchTest.java:38) 
Log Message: Current OS: Windows 7 Enterprise 
 
Time in Milliseconds: 583672 
Test Case: automationFramework.TestCases.SearchTest 
Time Stamp: 2017-01-03 16:18:01,618 
Code Location: automationFramework.TestCases.SearchTest.setUp(SearchTest.java:38) 
Log Message: Current OS: Windows 7 Enterprise 
 
Time in Milliseconds: 583672 
Test Case: automationFramework.TestCases.SearchTest 
Time Stamp: 2017-01-03 16:18:01,618 
Code Location: automationFramework.TestCases.SearchTest.setUp(SearchTest.java:38) 
Log Message: Current OS: Windows 7 Enterprise 
 
Time in Milliseconds: 583672 
Test Case: automationFramework.TestCases.SearchTest 
Time Stamp: 2017-01-03 16:18:01,618 
Code Location: automationFramework.TestCases.SearchTest.setUp(SearchTest.java:38) 
Log Message: Current OS: Windows 7 Enterprise 
 
Time in Milliseconds: 583672 
Test Case: automationFramework.TestCases.SearchTest 
Time Stamp: 2017-01-03 16:18:01,618 
Code Location: automationFramework.TestCases.SearchTest.setUp(SearchTest.java:38) 
Log Message: Current OS: Windows 7 Enterprise 
 
Time in Milliseconds: 583672 
Test Case: automationFramework.TestCases.SearchTest 
Time Stamp: 2017-01-03 16:18:01,618 
Code Location: automationFramework.TestCases.SearchTest.setUp(SearchTest.java:38) 
Log Message: Current OS: Windows 7 Enterprise 
 
Time in Milliseconds: 583672 
Test Case: automationFramework.TestCases.SearchTest 
Time Stamp: 2017-01-03 16:18:01,618 
Code Location: automationFramework.TestCases.SearchTest.setUp(SearchTest.java:38) 
Log Message: Current OS: Windows 7 Enterprise 
 
Time in Milliseconds: 583672 
Test Case: automationFramework.TestCases.SearchTest 
Time Stamp: 2017-01-03 16:18:01,618 
Code Location: automationFramework.TestCases.SearchTest.setUp(SearchTest.java:38) 
Log Message: Current OS: Windows 7 Enterprise 
 
Time in Milliseconds: 583672 
Test Case: automationFramework.TestCases.SearchTest 
Time Stamp: 2017-01-03 16:18:01,618 
Code Location: automationFramework.TestCases.SearchTest.setUp(SearchTest.java:38) 
Log Message: Current OS: Windows 7 Enterprise 
 
Time in Milliseconds: 583672 
Test Case: automationFramework.TestCases.SearchTest 
Time Stamp: 2017-01-03 16:18:01,618 
Code Location: automationFramework.TestCases.SearchTest.setUp(SearchTest.java:38) 
Log Message: Current OS: Windows 7 Enterprise 
 
2017-01-03 16:18:01,618 INFO  [Logger] Current OS: Windows 7 Enterprise 
Time in Milliseconds: 583674 
Test Case: automationFramework.TestCases.SearchTest 
Time Stamp: 2017-01-03 16:18:01,620 
Code Location: automationFramework.TestCases.SearchTest.setUp(SearchTest.java:39) 
Log Message: Current Browser: chrome.exe 
 
Time in Milliseconds: 583674 
Test Case: automationFramework.TestCases.SearchTest 
Time Stamp: 2017-01-03 16:18:01,620 
Code Location: automationFramework.TestCases.SearchTest.setUp(SearchTest.java:39) 
Log Message: Current Browser: chrome.exe 
 
Time in Milliseconds: 583674 
Test Case: automationFramework.TestCases.SearchTest 
Time Stamp: 2017-01-03 16:18:01,620 
Code Location: automationFramework.TestCases.SearchTest.setUp(SearchTest.java:39) 
Log Message: Current Browser: chrome.exe 
 
Time in Milliseconds: 583674 
Test Case: automationFramework.TestCases.SearchTest 
Time Stamp: 2017-01-03 16:18:01,620 
Code Location: automationFramework.TestCases.SearchTest.setUp(SearchTest.java:39) 
Log Message: Current Browser: chrome.exe 
 
Time in Milliseconds: 583674 
Test Case: automationFramework.TestCases.SearchTest 
Time Stamp: 2017-01-03 16:18:01,620 
Code Location: automationFramework.TestCases.SearchTest.setUp(SearchTest.java:39) 
Log Message: Current Browser: chrome.exe 
 
Time in Milliseconds: 583674 
Test Case: automationFramework.TestCases.SearchTest 
Time Stamp: 2017-01-03 16:18:01,620 
Code Location: automationFramework.TestCases.SearchTest.setUp(SearchTest.java:39) 
Log Message: Current Browser: chrome.exe 
 
Time in Milliseconds: 583674 
Test Case: automationFramework.TestCases.SearchTest 
Time Stamp: 2017-01-03 16:18:01,620 
Code Location: automationFramework.TestCases.SearchTest.setUp(SearchTest.java:39) 
Log Message: Current Browser: chrome.exe 
 
Time in Milliseconds: 583674 
Test Case: automationFramework.TestCases.SearchTest 
Time Stamp: 2017-01-03 16:18:01,620 
Code Location: automationFramework.TestCases.SearchTest.setUp(SearchTest.java:39) 
Log Message: Current Browser: chrome.exe 
 
Time in Milliseconds: 583674 
Test Case: automationFramework.TestCases.SearchTest 
Time Stamp: 2017-01-03 16:18:01,620 
Code Location: automationFramework.TestCases.SearchTest.setUp(SearchTest.java:39) 
Log Message: Current Browser: chrome.exe 
 
Time in Milliseconds: 583674 
Test Case: automationFramework.TestCases.SearchTest 
Time Stamp: 2017-01-03 16:18:01,620 
Code Location: automationFramework.TestCases.SearchTest.setUp(SearchTest.java:39) 
Log Message: Current Browser: chrome.exe 
 
Time in Milliseconds: 583674 
Test Case: automationFramework.TestCases.SearchTest 
Time Stamp: 2017-01-03 16:18:01,620 
Code Location: automationFramework.TestCases.SearchTest.setUp(SearchTest.java:39) 
Log Message: Current Browser: chrome.exe 
 
Time in Milliseconds: 583674 
Test Case: automationFramework.TestCases.SearchTest 
Time Stamp: 2017-01-03 16:18:01,620 
Code Location: automationFramework.TestCases.SearchTest.setUp(SearchTest.java:39) 
Log Message: Current Browser: chrome.exe 
 
Time in Milliseconds: 583674 
Test Case: automationFramework.TestCases.SearchTest 
Time Stamp: 2017-01-03 16:18:01,620 
Code Location: automationFramework.TestCases.SearchTest.setUp(SearchTest.java:39) 
Log Message: Current Browser: chrome.exe 
 
Time in Milliseconds: 583674 
Test Case: automationFramework.TestCases.SearchTest 
Time Stamp: 2017-01-03 16:18:01,620 
Code Location: automationFramework.TestCases.SearchTest.setUp(SearchTest.java:39) 
Log Message: Current Browser: chrome.exe 
 
Time in Milliseconds: 583674 
Test Case: automationFramework.TestCases.SearchTest 
Time Stamp: 2017-01-03 16:18:01,620 
Code Location: automationFramework.TestCases.SearchTest.setUp(SearchTest.java:39) 
Log Message: Current Browser: chrome.exe 
 
Time in Milliseconds: 583674 
Test Case: automationFramework.TestCases.SearchTest 
Time Stamp: 2017-01-03 16:18:01,620 
Code Location: automationFramework.TestCases.SearchTest.setUp(SearchTest.java:39) 
Log Message: Current Browser: chrome.exe 
 
Time in Milliseconds: 583674 
Test Case: automationFramework.TestCases.SearchTest 
Time Stamp: 2017-01-03 16:18:01,620 
Code Location: automationFramework.TestCases.SearchTest.setUp(SearchTest.java:39) 
Log Message: Current Browser: chrome.exe 
 
Time in Milliseconds: 583674 
Test Case: automationFramework.TestCases.SearchTest 
Time Stamp: 2017-01-03 16:18:01,620 
Code Location: automationFramework.TestCases.SearchTest.setUp(SearchTest.java:39) 
Log Message: Current Browser: chrome.exe 
 
2017-01-03 16:18:01,620 INFO  [Logger] Current Browser: chrome.exe 
Time in Milliseconds: 584802 
Test Case: automationFramework.TestCases.SearchTest 
Time Stamp: 2017-01-03 16:18:02,748 
Code Location: automationFramework.TestCases.SearchTest.setUp(SearchTest.java:42) 
Log Message: Setup Completed 
 
Time in Milliseconds: 584802 
Test Case: automationFramework.TestCases.SearchTest 
Time Stamp: 2017-01-03 16:18:02,748 
Code Location: automationFramework.TestCases.SearchTest.setUp(SearchTest.java:42) 
Log Message: Setup Completed 
 
Time in Milliseconds: 584802 
Test Case: automationFramework.TestCases.SearchTest 
Time Stamp: 2017-01-03 16:18:02,748 
Code Location: automationFramework.TestCases.SearchTest.setUp(SearchTest.java:42) 
Log Message: Setup Completed 
 
Time in Milliseconds: 584802 
Test Case: automationFramework.TestCases.SearchTest 
Time Stamp: 2017-01-03 16:18:02,748 
Code Location: automationFramework.TestCases.SearchTest.setUp(SearchTest.java:42) 
Log Message: Setup Completed 
 
Time in Milliseconds: 584802 
Test Case: automationFramework.TestCases.SearchTest 
Time Stamp: 2017-01-03 16:18:02,748 
Code Location: automationFramework.TestCases.SearchTest.setUp(SearchTest.java:42) 
Log Message: Setup Completed 
 
Time in Milliseconds: 584802 
Test Case: automationFramework.TestCases.SearchTest 
Time Stamp: 2017-01-03 16:18:02,748 
Code Location: automationFramework.TestCases.SearchTest.setUp(SearchTest.java:42) 
Log Message: Setup Completed 
 
Time in Milliseconds: 584802 
Test Case: automationFramework.TestCases.SearchTest 
Time Stamp: 2017-01-03 16:18:02,748 
Code Location: automationFramework.TestCases.SearchTest.setUp(SearchTest.java:42) 
Log Message: Setup Completed 
 
Time in Milliseconds: 584802 
Test Case: automationFramework.TestCases.SearchTest 
Time Stamp: 2017-01-03 16:18:02,748 
Code Location: automationFramework.TestCases.SearchTest.setUp(SearchTest.java:42) 
Log Message: Setup Completed 
 
Time in Milliseconds: 584802 
Test Case: automationFramework.TestCases.SearchTest 
Time Stamp: 2017-01-03 16:18:02,748 
Code Location: automationFramework.TestCases.SearchTest.setUp(SearchTest.java:42) 
Log Message: Setup Completed 
 
Time in Milliseconds: 584802 
Test Case: automationFramework.TestCases.SearchTest 
Time Stamp: 2017-01-03 16:18:02,748 
Code Location: automationFramework.TestCases.SearchTest.setUp(SearchTest.java:42) 
Log Message: Setup Completed 
 
Time in Milliseconds: 584802 
Test Case: automationFramework.TestCases.SearchTest 
Time Stamp: 2017-01-03 16:18:02,748 
Code Location: automationFramework.TestCases.SearchTest.setUp(SearchTest.java:42) 
Log Message: Setup Completed 
 
Time in Milliseconds: 584802 
Test Case: automationFramework.TestCases.SearchTest 
Time Stamp: 2017-01-03 16:18:02,748 
Code Location: automationFramework.TestCases.SearchTest.setUp(SearchTest.java:42) 
Log Message: Setup Completed 
 
Time in Milliseconds: 584802 
Test Case: automationFramework.TestCases.SearchTest 
Time Stamp: 2017-01-03 16:18:02,748 
Code Location: automationFramework.TestCases.SearchTest.setUp(SearchTest.java:42) 
Log Message: Setup Completed 
 
Time in Milliseconds: 584802 
Test Case: automationFramework.TestCases.SearchTest 
Time Stamp: 2017-01-03 16:18:02,748 
Code Location: automationFramework.TestCases.SearchTest.setUp(SearchTest.java:42) 
Log Message: Setup Completed 
 
Time in Milliseconds: 584802 
Test Case: automationFramework.TestCases.SearchTest 
Time Stamp: 2017-01-03 16:18:02,748 
Code Location: automationFramework.TestCases.SearchTest.setUp(SearchTest.java:42) 
Log Message: Setup Completed 
 
Time in Milliseconds: 584802 
Test Case: automationFramework.TestCases.SearchTest 
Time Stamp: 2017-01-03 16:18:02,748 
Code Location: automationFramework.TestCases.SearchTest.setUp(SearchTest.java:42) 
Log Message: Setup Completed 
 
Time in Milliseconds: 584802 
Test Case: automationFramework.TestCases.SearchTest 
Time Stamp: 2017-01-03 16:18:02,748 
Code Location: automationFramework.TestCases.SearchTest.setUp(SearchTest.java:42) 
Log Message: Setup Completed 
 
Time in Milliseconds: 584802 
Test Case: automationFramework.TestCases.SearchTest 
Time Stamp: 2017-01-03 16:18:02,748 
Code Location: automationFramework.TestCases.SearchTest.setUp(SearchTest.java:42) 
Log Message: Setup Completed 
 
2017-01-03 16:18:02,748 INFO  [Logger] Setup Completed 
</system-out>
    <system-err>Starting ChromeDriver 2.25.426923 (0390b88869384d6eb0d5d09729679f934aab9eed) on port 32808
Only local connections are allowed.
Jan 03, 2017 4:18:02 PM org.openqa.selenium.remote.ProtocolHandshake createSession
INFO: Attempting bi-dialect session, assuming Postel&apos;s Law holds true on the remote end
Jan 03, 2017 4:18:02 PM org.openqa.selenium.remote.ProtocolHandshake createSession
INFO: Detected dialect: OSS
</system-err>
  </testcase>
</testsuite>