<?xml version="1.0" encoding="UTF-8"?>
<testsuite name="FirefoxTest"
           tests="11"
           failures="0"
           errors="0"
           skipped="0"
           time="166.805">
  <properties />
  
  
            <testcase name="searchCustomerNotVerifiedTest" time="19.435" classname="automationFramework.TestCases.SearchTest" />
                <testcase name="searchCustomerCheckDuplicateTestPhone" time="17.001" classname="automationFramework.TestCases.SearchTest" />
                <testcase name="searchCustomerInvalidEmail" time="11.359" classname="automationFramework.TestCases.SearchTest" />
                <testcase name="searchCustomerCheckDuplicateTestEmailPhone" time="16.149" classname="automationFramework.TestCases.SearchTest" />
                <testcase name="searchCustomerCheckDuplicateTestFnameLname" time="15.792" classname="automationFramework.TestCases.SearchTest" />
                <testcase name="searchCustomerNoResultsTest" time="12.392" classname="automationFramework.TestCases.SearchTest" />
                <testcase name="searchCustomerCheckDuplicateTestAll" time="19.660" classname="automationFramework.TestCases.SearchTest" />
                <testcase name="searchCustomerCheckDuplicateTestFname" time="14.602" classname="automationFramework.TestCases.SearchTest" />
                <testcase name="searchCustomerTypeNotSelected" time="9.196" classname="automationFramework.TestCases.SearchTest" />
                <testcase name="searchCustomerCheckDuplicateTestEmail" time="16.623" classname="automationFramework.TestCases.SearchTest" />
                <testcase name="searchCustomerCheckDuplicateTestLname" time="14.596" classname="automationFramework.TestCases.SearchTest" />
      
</testsuite>
