<?xml version="1.0" encoding="UTF-8"?>
<testsuite name="ChromeTest"
           tests="18"
           failures="0"
           errors="0"
           skipped="0"
           time="662.461">
  <properties />
  
  
            <testcase name="searchCustomerCheckDuplicateTestPhone" time="26.042" classname="automationFramework.TestCases.SearchTest" />
                <testcase name="searchCustomerCheckDuplicateTestFnameLname" time="13.501" classname="automationFramework.TestCases.SearchTest" />
                <testcase name="searchCustomerVerifiedThreeInfoTest" time="24.076" classname="automationFramework.TestCases.SearchTest" />
                <testcase name="searchNewSearchButton" time="10.220" classname="automationFramework.TestCases.SearchTest" />
                <testcase name="searchCustomerAndCriteriaLastName" time="128.451" classname="automationFramework.TestCases.SearchTest" />
                <testcase name="searchCustomerNotVerifiedThreeInfoTest" time="33.651" classname="automationFramework.TestCases.SearchTest" />
                <testcase name="searchCustomerInvalidEmail" time="10.313" classname="automationFramework.TestCases.SearchTest" />
                <testcase name="searchCustomerNoResultsTest" time="11.821" classname="automationFramework.TestCases.SearchTest" />
                <testcase name="searchCustomerCheckDuplicateTestEmail" time="14.693" classname="automationFramework.TestCases.SearchTest" />
                <testcase name="searchCustomerCheckDuplicateTestFname" time="14.558" classname="automationFramework.TestCases.SearchTest" />
                <testcase name="searchCustomerCheckDuplicateTestAll" time="15.996" classname="automationFramework.TestCases.SearchTest" />
                <testcase name="searchCustomerCheckDuplicateTestLname" time="14.496" classname="automationFramework.TestCases.SearchTest" />
                <testcase name="searchCustomerTypeNotSelected" time="9.590" classname="automationFramework.TestCases.SearchTest" />
                <testcase name="searchCustomerVerifiedTest" time="27.132" classname="automationFramework.TestCases.SearchTest" />
                <testcase name="searchCustomerAndCriteriaLastNameEmail" time="251.383" classname="automationFramework.TestCases.SearchTest" />
                <testcase name="searchCustomerCheckDuplicateTestEmailPhone" time="15.574" classname="automationFramework.TestCases.SearchTest" />
                <testcase name="searchCustomerNotVerifiedTest" time="16.606" classname="automationFramework.TestCases.SearchTest" />
                <testcase name="searchCustomerClickNotVerified" time="24.358" classname="automationFramework.TestCases.SearchTest" />
      
</testsuite>
