<?xml version="1.0" encoding="UTF-8"?>
<testng-results skipped="0" failed="0" total="1" passed="1">
  <reporter-output>
    <line>
      <![CDATA[TearDown Complete]]>
    </line>
  </reporter-output>
  <suite name="Automation - Suite" duration-ms="36188" started-at="2017-01-05T15:20:42Z" finished-at="2017-01-05T15:21:19Z">
    <groups>
    </groups>
    <test name="ChromeTest" duration-ms="36188" started-at="2017-01-05T15:20:42Z" finished-at="2017-01-05T15:21:19Z">
      <class name="automationFramework.TestCases.CreateFundingTest">
        <test-method status="PASS" signature="setUp(java.lang.String)[pri:0, instance:automationFramework.TestCases.CreateFundingTest@d44fc21]" name="setUp" is-config="true" duration-ms="2332" started-at="2017-01-05T07:20:42Z" finished-at="2017-01-05T07:20:45Z">
          <params>
            <param index="0">
              <value>
                <![CDATA[chrome.exe]]>
              </value>
            </param>
          </params>
          <reporter-output>
          </reporter-output>
        </test-method> <!-- setUp -->
        <test-method status="PASS" signature="createFundingSourceNewBillingAddress()[pri:0, instance:automationFramework.TestCases.CreateFundingTest@d44fc21]" name="createFundingSourceNewBillingAddress" duration-ms="33065" started-at="2017-01-05T07:20:45Z" finished-at="2017-01-05T07:21:18Z">
          <reporter-output>
          </reporter-output>
        </test-method> <!-- createFundingSourceNewBillingAddress -->
        <test-method status="PASS" signature="tearDown()[pri:0, instance:automationFramework.TestCases.CreateFundingTest@d44fc21]" name="tearDown" is-config="true" duration-ms="777" started-at="2017-01-05T07:21:18Z" finished-at="2017-01-05T07:21:19Z">
          <reporter-output>
            <line>
              <![CDATA[TearDown Complete]]>
            </line>
          </reporter-output>
        </test-method> <!-- tearDown -->
      </class> <!-- automationFramework.TestCases.CreateFundingTest -->
    </test> <!-- ChromeTest -->
  </suite> <!-- Automation - Suite -->
</testng-results>
